com/fiji/fivm/r1/Finalizable
java/lang/Object
com/fiji/fivm/r1/arrays/DoubleArr
java/io/Serializable
java/lang/Cloneable
com/fiji/fivm/r1/arrays/ShortArr
com/fiji/fivm/r1/arrays/FCPtrArr
java/lang/Class
com/fiji/fivm/r1/arrays/IntArr
com/fiji/fivm/r1/arrays/ObjectArr
com/fiji/fivm/r1/arrays/FloatArr
com/fiji/fivm/r1/arrays/LongArr
com/fiji/fivm/r1/arrays/BooleanArr
java/lang/String
java/lang/CharSequence
java/lang/Comparable
com/fiji/fivm/r1/arrays/CharArr
com/fiji/fivm/r1/arrays/PointerArr
com/fiji/fivm/r1/arrays/ByteArr
hello
com/fiji/fivm/r1/fivmRuntime
java/lang/NoSuchMethodError
java/lang/Throwable
java/lang/LinkageError
java/lang/Error
java/lang/IncompatibleClassChangeError
java/lang/StringBuilder
java/lang/Appendable
java/lang/AbstractMethodError
java/lang/VMThread
java/lang/Thread
java/lang/Runnable
java/lang/ArithmeticException
java/lang/Exception
java/lang/RuntimeException
com/fiji/fivm/r1/ReflectiveException
com/fiji/fivm/r1/MM
java/lang/fivmSupport
java/lang/UnsupportedOperationException
com/fiji/fivm/r1/Monitors
java/lang/CloneNotSupportedException
java/lang/OutOfMemoryError
java/lang/VirtualMachineError
java/lang/NoSuchFieldError
com/fiji/fivm/r1/fivmError
java/lang/InternalError
java/lang/UnsatisfiedLinkError
com/fiji/fivm/r1/ArrayHelper
java/lang/NegativeArraySizeException
java/lang/ArrayIndexOutOfBoundsException
java/lang/IndexOutOfBoundsException
java/nio/fivmSupport
edu/purdue/scj/VMSupport
java/lang/NullPointerException
com/fiji/fivm/CharArrayAppendAdapter
java/lang/NoClassDefFoundError
javax/realtime/IllegalAssignmentError
java/lang/ClassCastException
java/lang/ArrayStoreException
java/nio/ByteBufferImpl
java/nio/ByteBuffer
java/nio/Buffer
java/lang/IllegalMonitorStateException
java/lang/ExceptionInInitializerError
java/lang/String$CaseInsensitiveComparator
java/util/Comparator
java/lang/Character
java/lang/System
java/lang/Integer
java/lang/Number
java/lang/Double
java/lang/Short
java/lang/Byte
java/lang/Void
java/lang/Long
java/lang/Float
edu/purdue/scj/BackingStoreID
java/lang/ThreadGroup
java/lang/Thread$UncaughtExceptionHandler
sun/misc/VM
com/fiji/fivm/r1/ProfilerThread
com/fiji/fivm/r1/Pointer
com/fiji/fivm/r1/libc
com/fiji/fivm/r1/fivmOptions
java/lang/FCClassLoader
gnu/java/lang/CharData
java/lang/FCSystem
java/io/BufferedInputStream
java/io/Closeable
java/io/FilterInputStream
java/io/InputStream
java/io/FileInputStream
java/io/PrintStream
java/io/FilterOutputStream
java/io/Flushable
java/io/OutputStream
java/io/BufferedOutputStream
java/io/FileOutputStream
com/fiji/fivm/r1/libc$Safe
com/fiji/fivm/r1/libc$Fast
java/lang/Runtime
com/fiji/fivm/JNIUtils
java/lang/Math
java/io/FileDescriptor
com/fiji/fivm/r1/Magic
gnu/java/nio/FileChannelImpl
java/nio/channels/ReadableByteChannel
java/nio/channels/ByteChannel
java/nio/channels/Channel
java/nio/channels/GatheringByteChannel
java/nio/channels/WritableByteChannel
java/nio/channels/ScatteringByteChannel
java/nio/channels/InterruptibleChannel
java/nio/channels/spi/AbstractInterruptibleChannel
java/nio/channels/FileChannel
gnu/classpath/SystemProperties
java/util/Properties
java/util/Hashtable
java/util/Map
java/util/Dictionary
gnu/java/nio/FCChannel
gnu/classpath/FCSystemProperties
gnu/java/nio/FCNativeChannel
java/util/Vector
java/lang/Iterable
java/util/Collection
java/util/RandomAccess
java/util/AbstractList
java/util/AbstractCollection
java/util/List
java/lang/SecurityException
java/util/StringTokenizer
java/util/Enumeration
java/util/HashMap
java/util/AbstractMap
__vm/FCMagic
java/lang/IllegalArgumentException
java/lang/IllegalThreadStateException
java/lang/StringIndexOutOfBoundsException
java/util/Hashtable$Entry
java/util/Map$Entry
java/io/UnsupportedEncodingException
java/io/IOException
gnu/java/nio/FCChannel$State
com/fiji/fivm/r1/ProfilerThread$1
com/fiji/fivm/r1/MutableInt
java/lang/FCObject
java/nio/ByteOrder
java/nio/charset/Charset
java/nio/charset/UnsupportedCharsetException
java/nio/CharBuffer
java/lang/Readable
java/nio/CharBufferImpl
java/nio/charset/CodingErrorAction
gnu/java/nio/FCChannel$Kind
java/lang/FCClass
com/fiji/fivm/r1/DebugAndProfile
java/util/ArrayList
com/fiji/fivm/r1/ThreadStackTrace
com/fiji/fivm/r1/StackTraceFrame
java/nio/charset/IllegalCharsetNameException
gnu/java/nio/charset/Provider
java/nio/charset/spi/CharsetProvider
com/fiji/fivm/Time
java/lang/InterruptedException
java/lang/IllegalStateException
com/fiji/fivm/r1/ProfilerThread$1$1
gnu/java/nio/charset/US_ASCII
gnu/java/nio/charset/ISO_8859_1
gnu/java/nio/charset/UTF_8
gnu/java/nio/charset/UTF_16BE
gnu/java/nio/charset/UTF_16LE
gnu/java/nio/charset/UTF_16
gnu/java/nio/charset/UnicodeLittle
java/util/NoSuchElementException
java/util/Collections
java/util/Collections$EmptySet
java/util/AbstractSet
java/util/Set
java/util/Collections$EmptyList
java/util/Collections$EmptyMap
java/lang/InheritableThreadLocal
java/lang/ThreadLocal
gnu/java/util/WeakIdentityHashMap
java/util/Arrays
java/util/HashSet
java/util/AbstractList$1
java/util/Iterator
java/lang/FCRuntime
com/fiji/fivm/util/DisableEnableExit
gnu/java/util/WeakIdentityHashMap$WeakEntrySet
java/lang/ref/ReferenceQueue
java/util/Collections$UnmodifiableSet
java/util/Collections$UnmodifiableCollection
java/lang/Throwable$StaticData
java/util/HashMap$EntrySet
gnu/java/util/WeakIdentityHashMap$WeakEntrySet$1
gnu/java/util/WeakIdentityHashMap$WeakBucket
java/lang/ref/Reference
java/lang/ref/WeakReference
java/nio/ReadOnlyBufferException
java/util/Hashtable$EntrySet
java/util/HashMap$Entry
java/lang/reflect/Array
java/util/Collections$SynchronizedSet
java/util/Collections$SynchronizedCollection
java/lang/FCThrowable
java/lang/FCThrowable$1
com/fiji/fivm/r1/fivmRuntime$DumpStackCback
sun/misc/FloatingDecimal
java/lang/reflect/FCArray
java/lang/Boolean
java/util/Collections$EmptyIterator
sun/misc/FloatingDecimal$1
gnu/java/nio/charset/UTF_16Decoder
java/nio/charset/CharsetDecoder
gnu/java/nio/charset/UTF_8$Encoder
java/nio/charset/CharsetEncoder
gnu/java/nio/charset/US_ASCII$Encoder
gnu/java/nio/charset/UTF_16Encoder
gnu/java/nio/charset/UTF_8$Decoder
gnu/java/nio/charset/US_ASCII$Decoder
java/util/Collections$UnmodifiableCollection$1
gnu/java/nio/charset/ISO_8859_1$Encoder
java/util/AbstractList$2
java/util/ListIterator
java/util/ConcurrentModificationException
gnu/java/nio/charset/ISO_8859_1$Decoder
java/nio/BufferUnderflowException
java/lang/StringBuffer
java/util/AbstractMap$1
gnu/java/nio/charset/US_ASCII$Encoder$1
gnu/java/nio/charset/ByteEncodeLoopHelper
gnu/java/nio/charset/US_ASCII$Decoder$1
gnu/java/nio/charset/ByteDecodeLoopHelper
gnu/java/nio/charset/ISO_8859_1$Encoder$1
gnu/java/nio/charset/ISO_8859_1$Decoder$1
java/lang/FCFloat
java/util/HashMap$KeySet
java/util/AbstractMap$1$1
gnu/java/util/WeakIdentityHashMap$WeakBucket$WeakEntry
sun/misc/FDBigInt
java/lang/AssertionError
java/lang/FCDouble
java/lang/FCMath
java/nio/charset/CoderMalfunctionError
java/util/Hashtable$Enumerator
java/lang/FCThrowable$CompactElement
java/lang/StackTraceElement
java/nio/charset/CoderResult
java/nio/charset/CoderResult$1
java/nio/charset/CoderResult$Cache
java/nio/charset/CoderResult$2
java/util/HashMap$EntryIterator
java/util/HashMap$HashIterator
java/nio/fivmSupport$MakeVMBufferMode
java/lang/Enum
java/nio/fivmSupport$ReadWriteMode
java/nio/fivmSupport$ReadWriteMode$1
java/nio/fivmSupport$ReadWriteMode$2
java/nio/charset/MalformedInputException
java/nio/charset/CharacterCodingException
java/nio/BufferOverflowException
java/nio/charset/UnmappableCharacterException
com/fiji/util/UTF8
java/lang/Integer$IntegerCache
java/lang/NumberFormatException
java/util/HashMap$KeyIterator
java/nio/ByteBufferHelper
__vm/FCPtr
java/lang/ThreadDeath
com/fiji/fivm/Settings
