This file contains any messages produced by compilers while
running configure, to aid debugging if configure makes a mistake.

It was created by scj configure 0.7.0, which was
generated by GNU Autoconf 2.69.  Invocation command line was

  $ ./configure 

## --------- ##
## Platform. ##
## --------- ##

hostname = ubuntu
uname -m = i686
uname -r = 3.16.0-30-generic
uname -s = Linux
uname -v = #40~14.04.1-Ubuntu SMP Thu Jan 15 17:45:15 UTC 2015

/usr/bin/uname -p = unknown
/bin/uname -X     = unknown

/bin/arch              = unknown
/usr/bin/arch -k       = unknown
/usr/convex/getsysinfo = unknown
/usr/bin/hostinfo      = unknown
/bin/machine           = unknown
/usr/bin/oslevel       = unknown
/bin/universe          = unknown

PATH: /usr/local/sbin
PATH: /usr/local/bin
PATH: /usr/sbin
PATH: /usr/bin
PATH: /sbin
PATH: /bin
PATH: /usr/games
PATH: /usr/local/games
PATH: /opt/sublime/sublime
PATH: /home/scottflo/repos/cse605/fivm/bin
PATH: /home/scottflo/Downloads/idea-IC-139.1117.1/bin
PATH: /home/scottflo/apache-maven-3.3.1/bin


## ----------- ##
## Core tests. ##
## ----------- ##

configure:1721: checking for a BSD-compatible install
configure:1789: result: /usr/bin/install -c
configure:1804: checking for java
configure:1820: found /usr/bin/java
configure:1831: result: java
configure:1848: checking for jar
configure:1864: found /usr/bin/jar
configure:1875: result: jar
configure:1895: checking for javac
configure:1911: found /usr/bin/javac
configure:1922: result: javac
configure:2092: creating ./config.status

## ---------------------- ##
## Running config.status. ##
## ---------------------- ##

This file was extended by scj config.status 0.7.0, which was
generated by GNU Autoconf 2.69.  Invocation command line was

  CONFIG_FILES    = 
  CONFIG_HEADERS  = 
  CONFIG_LINKS    = 
  CONFIG_COMMANDS = 
  $ ./config.status 

on ubuntu

config.status:720: creating Makefile
config.status:720: creating RealMakefile

## ---------------- ##
## Cache variables. ##
## ---------------- ##

ac_cv_env_build_alias_set=
ac_cv_env_build_alias_value=
ac_cv_env_host_alias_set=
ac_cv_env_host_alias_value=
ac_cv_env_target_alias_set=
ac_cv_env_target_alias_value=
ac_cv_path_install='/usr/bin/install -c'
ac_cv_prog_JAR=jar
ac_cv_prog_JAVA=java
ac_cv_prog_JAVAC=javac

## ----------------- ##
## Output variables. ##
## ----------------- ##

DEFS='-DPACKAGE_NAME=\"scj\" -DPACKAGE_TARNAME=\"scj\" -DPACKAGE_VERSION=\"0.7.0\" -DPACKAGE_STRING=\"scj\ 0.7.0\" -DPACKAGE_BUGREPORT=\"pizlonator@gmail.com\" -DPACKAGE_URL=\"\"'
ECHO_C=''
ECHO_N='-n'
ECHO_T=''
INSTALL_DATA='${INSTALL} -m 644'
INSTALL_PROGRAM='${INSTALL}'
INSTALL_SCRIPT='${INSTALL}'
JAR='jar'
JAVA='java'
JAVAC='javac'
LIBOBJS=''
LIBS=''
LTLIBOBJS=''
PACKAGE_BUGREPORT='pizlonator@gmail.com'
PACKAGE_NAME='scj'
PACKAGE_STRING='scj 0.7.0'
PACKAGE_TARNAME='scj'
PACKAGE_URL=''
PACKAGE_VERSION='0.7.0'
PATH_SEPARATOR=':'
SHELL='/bin/bash'
bindir='${exec_prefix}/bin'
build_alias=''
datadir='${datarootdir}'
datarootdir='${prefix}/share'
docdir='${datarootdir}/doc/${PACKAGE_TARNAME}'
dvidir='${docdir}'
exec_prefix='${prefix}'
host_alias=''
htmldir='${docdir}'
includedir='${prefix}/include'
infodir='${datarootdir}/info'
libdir='${exec_prefix}/lib'
libexecdir='${exec_prefix}/libexec'
localedir='${datarootdir}/locale'
localstatedir='${prefix}/var'
mandir='${datarootdir}/man'
oldincludedir='/usr/include'
pdfdir='${docdir}'
prefix='/usr/local'
program_transform_name='s,x,x,'
psdir='${docdir}'
sbindir='${exec_prefix}/sbin'
sharedstatedir='${prefix}/com'
sysconfdir='${prefix}/etc'
target_alias=''

## ----------- ##
## confdefs.h. ##
## ----------- ##

/* confdefs.h */
#define PACKAGE_NAME "scj"
#define PACKAGE_TARNAME "scj"
#define PACKAGE_VERSION "0.7.0"
#define PACKAGE_STRING "scj 0.7.0"
#define PACKAGE_BUGREPORT "pizlonator@gmail.com"
#define PACKAGE_URL ""

configure: exit 0

## ---------------------- ##
## Running config.status. ##
## ---------------------- ##

This file was extended by scj config.status 0.7.0, which was
generated by GNU Autoconf 2.69.  Invocation command line was

  CONFIG_FILES    = 
  CONFIG_HEADERS  = 
  CONFIG_LINKS    = 
  CONFIG_COMMANDS = 
  $ ./config.status 

on ubuntu

config.status:720: creating Makefile
config.status:720: creating RealMakefile

## ---------------------- ##
## Running config.status. ##
## ---------------------- ##

This file was extended by scj config.status 0.7.0, which was
generated by GNU Autoconf 2.69.  Invocation command line was

  CONFIG_FILES    = 
  CONFIG_HEADERS  = 
  CONFIG_LINKS    = 
  CONFIG_COMMANDS = 
  $ ./config.status 

on ubuntu

config.status:720: creating Makefile
config.status:720: creating RealMakefile

## ---------------------- ##
## Running config.status. ##
## ---------------------- ##

This file was extended by scj config.status 0.7.0, which was
generated by GNU Autoconf 2.69.  Invocation command line was

  CONFIG_FILES    = 
  CONFIG_HEADERS  = 
  CONFIG_LINKS    = 
  CONFIG_COMMANDS = 
  $ ./config.status 

on ubuntu

config.status:720: creating Makefile
config.status:720: creating RealMakefile

## ---------------------- ##
## Running config.status. ##
## ---------------------- ##

This file was extended by scj config.status 0.7.0, which was
generated by GNU Autoconf 2.69.  Invocation command line was

  CONFIG_FILES    = 
  CONFIG_HEADERS  = 
  CONFIG_LINKS    = 
  CONFIG_COMMANDS = 
  $ ./config.status 

on ubuntu

config.status:720: creating Makefile
config.status:720: creating RealMakefile

## ---------------------- ##
## Running config.status. ##
## ---------------------- ##

This file was extended by scj config.status 0.7.0, which was
generated by GNU Autoconf 2.69.  Invocation command line was

  CONFIG_FILES    = 
  CONFIG_HEADERS  = 
  CONFIG_LINKS    = 
  CONFIG_COMMANDS = 
  $ ./config.status 

on ubuntu

config.status:720: creating Makefile
config.status:720: creating RealMakefile

## ---------------------- ##
## Running config.status. ##
## ---------------------- ##

This file was extended by scj config.status 0.7.0, which was
generated by GNU Autoconf 2.69.  Invocation command line was

  CONFIG_FILES    = 
  CONFIG_HEADERS  = 
  CONFIG_LINKS    = 
  CONFIG_COMMANDS = 
  $ ./config.status 

on ubuntu

config.status:720: creating Makefile
config.status:720: creating RealMakefile

## ---------------------- ##
## Running config.status. ##
## ---------------------- ##

This file was extended by scj config.status 0.7.0, which was
generated by GNU Autoconf 2.69.  Invocation command line was

  CONFIG_FILES    = 
  CONFIG_HEADERS  = 
  CONFIG_LINKS    = 
  CONFIG_COMMANDS = 
  $ ./config.status 

on ubuntu

config.status:720: creating Makefile
config.status:720: creating RealMakefile

## ---------------------- ##
## Running config.status. ##
## ---------------------- ##

This file was extended by scj config.status 0.7.0, which was
generated by GNU Autoconf 2.69.  Invocation command line was

  CONFIG_FILES    = 
  CONFIG_HEADERS  = 
  CONFIG_LINKS    = 
  CONFIG_COMMANDS = 
  $ ./config.status 

on ubuntu

config.status:720: creating Makefile
config.status:720: creating RealMakefile

## ---------------------- ##
## Running config.status. ##
## ---------------------- ##

This file was extended by scj config.status 0.7.0, which was
generated by GNU Autoconf 2.69.  Invocation command line was

  CONFIG_FILES    = 
  CONFIG_HEADERS  = 
  CONFIG_LINKS    = 
  CONFIG_COMMANDS = 
  $ ./config.status 

on ubuntu

config.status:720: creating Makefile
config.status:720: creating RealMakefile

## ---------------------- ##
## Running config.status. ##
## ---------------------- ##

This file was extended by scj config.status 0.7.0, which was
generated by GNU Autoconf 2.69.  Invocation command line was

  CONFIG_FILES    = 
  CONFIG_HEADERS  = 
  CONFIG_LINKS    = 
  CONFIG_COMMANDS = 
  $ ./config.status 

on ubuntu

config.status:720: creating Makefile
config.status:720: creating RealMakefile

## ---------------------- ##
## Running config.status. ##
## ---------------------- ##

This file was extended by scj config.status 0.7.0, which was
generated by GNU Autoconf 2.69.  Invocation command line was

  CONFIG_FILES    = 
  CONFIG_HEADERS  = 
  CONFIG_LINKS    = 
  CONFIG_COMMANDS = 
  $ ./config.status 

on ubuntu

config.status:720: creating Makefile
config.status:720: creating RealMakefile

## ---------------------- ##
## Running config.status. ##
## ---------------------- ##

This file was extended by scj config.status 0.7.0, which was
generated by GNU Autoconf 2.69.  Invocation command line was

  CONFIG_FILES    = 
  CONFIG_HEADERS  = 
  CONFIG_LINKS    = 
  CONFIG_COMMANDS = 
  $ ./config.status 

on ubuntu

config.status:720: creating Makefile
config.status:720: creating RealMakefile

## ---------------------- ##
## Running config.status. ##
## ---------------------- ##

This file was extended by scj config.status 0.7.0, which was
generated by GNU Autoconf 2.69.  Invocation command line was

  CONFIG_FILES    = 
  CONFIG_HEADERS  = 
  CONFIG_LINKS    = 
  CONFIG_COMMANDS = 
  $ ./config.status 

on ubuntu

config.status:720: creating Makefile
config.status:720: creating RealMakefile

## ---------------------- ##
## Running config.status. ##
## ---------------------- ##

This file was extended by scj config.status 0.7.0, which was
generated by GNU Autoconf 2.69.  Invocation command line was

  CONFIG_FILES    = 
  CONFIG_HEADERS  = 
  CONFIG_LINKS    = 
  CONFIG_COMMANDS = 
  $ ./config.status 

on ubuntu

config.status:720: creating Makefile
config.status:720: creating RealMakefile
