This file contains any messages produced by compilers while
running configure, to aid debugging if configure makes a mistake.

It was created by fivm configure v0.9.1, which was
generated by GNU Autoconf 2.69.  Invocation command line was

  $ ./configure 

## --------- ##
## Platform. ##
## --------- ##

hostname = ubuntu
uname -m = i686
uname -r = 3.16.0-30-generic
uname -s = Linux
uname -v = #40~14.04.1-Ubuntu SMP Thu Jan 15 17:45:15 UTC 2015

/usr/bin/uname -p = unknown
/bin/uname -X     = unknown

/bin/arch              = unknown
/usr/bin/arch -k       = unknown
/usr/convex/getsysinfo = unknown
/usr/bin/hostinfo      = unknown
/bin/machine           = unknown
/usr/bin/oslevel       = unknown
/bin/universe          = unknown

PATH: /usr/local/sbin
PATH: /usr/local/bin
PATH: /usr/sbin
PATH: /usr/bin
PATH: /sbin
PATH: /bin
PATH: /usr/games
PATH: /usr/local/games
PATH: /opt/sublime/sublime
PATH: /home/scottflo/repos/cse605/fivm/bin
PATH: /home/scottflo/Downloads/idea-IC-139.1117.1/bin
PATH: /home/scottflo/apache-maven-3.3.1/bin


## ----------- ##
## Core tests. ##
## ----------- ##

configure:1771: checking build system type
configure:1785: result: i686-pc-linux-gnu
configure:1805: checking host system type
configure:1818: result: i686-pc-linux-gnu
configure:1838: checking target system type
configure:1851: result: i686-pc-linux-gnu
configure:1924: checking for a BSD-compatible install
configure:1992: result: /usr/bin/install -c
configure:2007: checking for java
configure:2023: found /usr/bin/java
configure:2034: result: java
configure:2051: checking for jar
configure:2067: found /usr/bin/jar
configure:2078: result: jar
configure:2098: checking for ruby
configure:2101: ruby --version > /dev/null
configure:2104: $? = 0
configure:2108: result: ruby
configure:2131: checking for usable java compiler
configure:2138: result: using bundled ecj
configure:2471: creating ./config.status

## ---------------------- ##
## Running config.status. ##
## ---------------------- ##

This file was extended by fivm config.status v0.9.1, which was
generated by GNU Autoconf 2.69.  Invocation command line was

  CONFIG_FILES    = 
  CONFIG_HEADERS  = 
  CONFIG_LINKS    = 
  CONFIG_COMMANDS = 
  $ ./config.status 

on ubuntu

config.status:755: creating Makefile
config.status:755: creating RealMakefile
config.status:755: creating lib/config.rb
config.status:755: creating lib/host_fivmcrc
config.status:755: creating common/src/com/fiji/fivm/Config.java
config.status:755: creating runtimec/src/fivmr_config_phony.h
config.status:755: creating bin/fivmc_trampoline
config.status:755: creating bin/fijivm_trampoline
config.status:755: creating ecj/ecj
config.status:755: creating Makefile.Test.conf
config.status:755: creating localbin/bottomup

## ---------------- ##
## Cache variables. ##
## ---------------- ##

ac_cv_build=i686-pc-linux-gnu
ac_cv_env_build_alias_set=
ac_cv_env_build_alias_value=
ac_cv_env_host_alias_set=
ac_cv_env_host_alias_value=
ac_cv_env_target_alias_set=
ac_cv_env_target_alias_value=
ac_cv_host=i686-pc-linux-gnu
ac_cv_path_install='/usr/bin/install -c'
ac_cv_prog_JAR=jar
ac_cv_prog_JAVA=java
ac_cv_target=i686-pc-linux-gnu

## ----------------- ##
## Output variables. ##
## ----------------- ##

COPYRIGHT='(c) 2009, 2010, 2011, 2012, 2013, 2014 Fiji Systems Inc.'
DEFS='-DPACKAGE_NAME=\"fivm\" -DPACKAGE_TARNAME=\"fivm\" -DPACKAGE_VERSION=\"v0.9.1\" -DPACKAGE_STRING=\"fivm\ v0.9.1\" -DPACKAGE_BUGREPORT=\"elb@fiji-systems.com\" -DPACKAGE_URL=\"\"'
ECHO_C=''
ECHO_N='-n'
ECHO_T=''
FIJI_CLASSPATH_DIR=''
FIJI_CLASSPATH_FETCH=''
FIJI_CLASSPATH_VERSION=''
FIJI_ECJ_JAR='/home/scottflo/repos/cse605/fivm/ecj/ecj-3.5.1.jar'
FIJI_JAVA_COMPILER='/home/scottflo/repos/cse605/fivm/ecj/ecj'
FIJI_JNILIB_SUFFIX=''
FIJI_LIBRARY_SUFFIX=''
FIJI_SCJ_DIR='scj'
INSTALL_DATA='${INSTALL} -m 644'
INSTALL_PROGRAM='${INSTALL}'
INSTALL_SCRIPT='${INSTALL}'
JAR='jar'
JAVA='java'
LIBOBJS=''
LIBS=''
LTLIBOBJS=''
PACKAGE_BUGREPORT='elb@fiji-systems.com'
PACKAGE_NAME='fivm'
PACKAGE_STRING='fivm v0.9.1'
PACKAGE_TARNAME='fivm'
PACKAGE_URL=''
PACKAGE_VERSION='v0.9.1'
PATH_SEPARATOR=':'
RUBY='ruby'
SHELL='/bin/bash'
URL_FETCH=''
VENDOR='Fiji Systems Inc.'
VENDOR_WWW='http://www.fiji-systems.com/'
_fiji_have_curl=''
_fiji_have_wget=''
bindir='${exec_prefix}/bin'
build='i686-pc-linux-gnu'
build_alias=''
build_cpu='i686'
build_os='linux-gnu'
build_vendor='pc'
datadir='${datarootdir}'
datarootdir='${prefix}/share'
docdir='${datarootdir}/doc/${PACKAGE_TARNAME}'
dvidir='${docdir}'
exec_prefix='${prefix}'
host='i686-pc-linux-gnu'
host_alias=''
host_cpu='i686'
host_os='linux-gnu'
host_vendor='pc'
htmldir='${docdir}'
includedir='${prefix}/include'
infodir='${datarootdir}/info'
libdir='${exec_prefix}/lib'
libexecdir='${exec_prefix}/libexec'
localedir='${datarootdir}/locale'
localstatedir='${prefix}/var'
mandir='${datarootdir}/man'
oldincludedir='/usr/include'
pdfdir='${docdir}'
prefix='/usr/local'
program_transform_name='s,x,x,'
psdir='${docdir}'
sbindir='${exec_prefix}/sbin'
sharedstatedir='${prefix}/com'
sysconfdir='${prefix}/etc'
target='i686-pc-linux-gnu'
target_alias=''
target_cpu='i686'
target_os='linux-gnu'
target_vendor='pc'

## ----------- ##
## confdefs.h. ##
## ----------- ##

/* confdefs.h */
#define PACKAGE_NAME "fivm"
#define PACKAGE_TARNAME "fivm"
#define PACKAGE_VERSION "v0.9.1"
#define PACKAGE_STRING "fivm v0.9.1"
#define PACKAGE_BUGREPORT "elb@fiji-systems.com"
#define PACKAGE_URL ""

configure: exit 0

## ---------------------- ##
## Running config.status. ##
## ---------------------- ##

This file was extended by fivm config.status v0.9.1, which was
generated by GNU Autoconf 2.69.  Invocation command line was

  CONFIG_FILES    = 
  CONFIG_HEADERS  = 
  CONFIG_LINKS    = 
  CONFIG_COMMANDS = 
  $ ./config.status 

on ubuntu

config.status:755: creating Makefile
config.status:755: creating RealMakefile
config.status:755: creating lib/config.rb
config.status:755: creating lib/host_fivmcrc
config.status:755: creating common/src/com/fiji/fivm/Config.java
config.status:755: creating runtimec/src/fivmr_config_phony.h
config.status:755: creating bin/fivmc_trampoline
config.status:755: creating bin/fijivm_trampoline
config.status:755: creating ecj/ecj
config.status:755: creating Makefile.Test.conf
config.status:755: creating localbin/bottomup

## ---------------------- ##
## Running config.status. ##
## ---------------------- ##

This file was extended by fivm config.status v0.9.1, which was
generated by GNU Autoconf 2.69.  Invocation command line was

  CONFIG_FILES    = 
  CONFIG_HEADERS  = 
  CONFIG_LINKS    = 
  CONFIG_COMMANDS = 
  $ ./config.status 

on ubuntu

config.status:755: creating Makefile
config.status:755: creating RealMakefile
config.status:755: creating lib/config.rb
config.status:755: creating lib/host_fivmcrc
config.status:755: creating common/src/com/fiji/fivm/Config.java
config.status:755: creating runtimec/src/fivmr_config_phony.h
config.status:755: creating bin/fivmc_trampoline
config.status:755: creating bin/fijivm_trampoline
config.status:755: creating ecj/ecj
config.status:755: creating Makefile.Test.conf
config.status:755: creating localbin/bottomup

## ---------------------- ##
## Running config.status. ##
## ---------------------- ##

This file was extended by fivm config.status v0.9.1, which was
generated by GNU Autoconf 2.69.  Invocation command line was

  CONFIG_FILES    = 
  CONFIG_HEADERS  = 
  CONFIG_LINKS    = 
  CONFIG_COMMANDS = 
  $ ./config.status 

on ubuntu

config.status:755: creating Makefile
config.status:755: creating RealMakefile
config.status:755: creating lib/config.rb
config.status:755: creating lib/host_fivmcrc
config.status:755: creating common/src/com/fiji/fivm/Config.java
config.status:755: creating runtimec/src/fivmr_config_phony.h
config.status:755: creating bin/fivmc_trampoline
config.status:755: creating bin/fijivm_trampoline
config.status:755: creating ecj/ecj
config.status:755: creating Makefile.Test.conf
config.status:755: creating localbin/bottomup
