This file contains any messages produced by compilers while
running configure, to aid debugging if configure makes a mistake.

It was created by fivmcrc configure 0.9.0, which was
generated by GNU Autoconf 2.69.  Invocation command line was

  $ ./configure --enable-pointer-size=8

## --------- ##
## Platform. ##
## --------- ##

hostname = sflub
uname -m = x86_64
uname -r = 3.13.0-45-generic
uname -s = Linux
uname -v = #74-Ubuntu SMP Tue Jan 13 19:36:28 UTC 2015

/usr/bin/uname -p = unknown
/bin/uname -X     = unknown

/bin/arch              = unknown
/usr/bin/arch -k       = unknown
/usr/convex/getsysinfo = unknown
/usr/bin/hostinfo      = unknown
/bin/machine           = unknown
/usr/bin/oslevel       = unknown
/bin/universe          = unknown

PATH: /usr/local/sbin
PATH: /usr/local/bin
PATH: /usr/sbin
PATH: /usr/bin
PATH: /sbin
PATH: /bin
PATH: /usr/games
PATH: /usr/local/games
PATH: /home/scottflo/repos/cse605/fivm/bin


## ----------- ##
## Core tests. ##
## ----------- ##

configure:2408: checking build system type
configure:2422: result: x86_64-unknown-linux-gnu
configure:2442: checking host system type
configure:2455: result: x86_64-unknown-linux-gnu
configure:2538: checking for gcc
configure:2554: found /usr/bin/gcc
configure:2565: result: gcc
configure:2794: checking for C compiler version
configure:2803: gcc --version >&5
gcc (Ubuntu 4.8.2-19ubuntu1) 4.8.2
Copyright (C) 2013 Free Software Foundation, Inc.
This is free software; see the source for copying conditions.  There is NO
warranty; not even for MERCHANTABILITY or FITNESS FOR A PARTICULAR PURPOSE.

configure:2814: $? = 0
configure:2803: gcc -v >&5
Using built-in specs.
COLLECT_GCC=gcc
COLLECT_LTO_WRAPPER=/usr/lib/gcc/x86_64-linux-gnu/4.8/lto-wrapper
Target: x86_64-linux-gnu
Configured with: ../src/configure -v --with-pkgversion='Ubuntu 4.8.2-19ubuntu1' --with-bugurl=file:///usr/share/doc/gcc-4.8/README.Bugs --enable-languages=c,c++,java,go,d,fortran,objc,obj-c++ --prefix=/usr --program-suffix=-4.8 --enable-shared --enable-linker-build-id --libexecdir=/usr/lib --without-included-gettext --enable-threads=posix --with-gxx-include-dir=/usr/include/c++/4.8 --libdir=/usr/lib --enable-nls --with-sysroot=/ --enable-clocale=gnu --enable-libstdcxx-debug --enable-libstdcxx-time=yes --enable-gnu-unique-object --disable-libmudflap --enable-plugin --with-system-zlib --disable-browser-plugin --enable-java-awt=gtk --enable-gtk-cairo --with-java-home=/usr/lib/jvm/java-1.5.0-gcj-4.8-amd64/jre --enable-java-home --with-jvm-root-dir=/usr/lib/jvm/java-1.5.0-gcj-4.8-amd64 --with-jvm-jar-dir=/usr/lib/jvm-exports/java-1.5.0-gcj-4.8-amd64 --with-arch-directory=amd64 --with-ecj-jar=/usr/share/java/eclipse-ecj.jar --enable-objc-gc --enable-multiarch --disable-werror --with-arch-32=i686 --with-abi=m64 --with-multilib-list=m32,m64,mx32 --with-tune=generic --enable-checking=release --build=x86_64-linux-gnu --host=x86_64-linux-gnu --target=x86_64-linux-gnu
Thread model: posix
gcc version 4.8.2 (Ubuntu 4.8.2-19ubuntu1) 
configure:2814: $? = 0
configure:2803: gcc -V >&5
gcc: error: unrecognized command line option '-V'
gcc: fatal error: no input files
compilation terminated.
configure:2814: $? = 4
configure:2803: gcc -qversion >&5
gcc: error: unrecognized command line option '-qversion'
gcc: fatal error: no input files
compilation terminated.
configure:2814: $? = 4
configure:2834: checking whether the C compiler works
configure:2856: gcc    conftest.c  >&5
configure:2860: $? = 0
configure:2908: result: yes
configure:2911: checking for C compiler default output file name
configure:2913: result: a.out
configure:2919: checking for suffix of executables
configure:2926: gcc -o conftest    conftest.c  >&5
configure:2930: $? = 0
configure:2952: result: 
configure:2974: checking whether we are cross compiling
configure:2982: gcc -o conftest    conftest.c  >&5
configure:2986: $? = 0
configure:2993: ./conftest
configure:2997: $? = 0
configure:3012: result: no
configure:3017: checking for suffix of object files
configure:3039: gcc -c   conftest.c >&5
configure:3043: $? = 0
configure:3064: result: o
configure:3068: checking whether we are using the GNU C compiler
configure:3087: gcc -c   conftest.c >&5
configure:3087: $? = 0
configure:3096: result: yes
configure:3105: checking whether gcc accepts -g
configure:3125: gcc -c -g  conftest.c >&5
configure:3125: $? = 0
configure:3166: result: yes
configure:3183: checking for gcc option to accept ISO C89
configure:3246: gcc  -c -g -O2  conftest.c >&5
configure:3246: $? = 0
configure:3259: result: none needed
configure:3322: checking for ranlib
configure:3338: found /usr/bin/ranlib
configure:3349: result: ranlib
configure:3380: checking for java
configure:3396: found /usr/bin/java
configure:3407: result: java
configure:3660: checking whether to self-manage heap memory
configure:3667: result: no
configure:3672: checking whether to enable finalization
configure:3675: result: yes
configure:3700: checking for system pointer size (bytes)
configure:3740: result: 8
configure:3867: checking C compiler for option -m64
configure:3901: gcc -o conftest -g -O2 -m64   -D_REENTRANT -D_GNU_SOURCE   conftest.c  >&5
configure:3901: $? = 0
configure:3901: ./conftest
configure:3901: $? = 0
configure:3912: result: yes
configure:3923: checking C compiler for option -march=nocona -m64
configure:3957: gcc -o conftest -g -O2 -march=nocona -m64   -D_REENTRANT -D_GNU_SOURCE   conftest.c  >&5
configure:3957: $? = 0
configure:3957: ./conftest
configure:3957: $? = 0
configure:3968: result: yes
configure:4048: checking if pointer size set correctly
configure:4067: gcc -o conftest  -m64 -march=nocona -m64 -g -O2   -D_REENTRANT -D_GNU_SOURCE   conftest.c  >&5
configure:4067: $? = 0
configure:4067: ./conftest
configure:4067: $? = 0
configure:4069: result: yes
configure:4084: checking for library containing floor
configure:4115: gcc -o conftest  -m64 -march=nocona -m64 -g -O2   -D_REENTRANT -D_GNU_SOURCE   conftest.c  >&5
conftest.c:19:6: warning: conflicting types for built-in function 'floor' [enabled by default]
 char floor ();
      ^
/tmp/ccUcPLnq.o: In function `main':
/home/scottflo/repos/cse605/fivm/target/conftest.c:23: undefined reference to `floor'
collect2: error: ld returned 1 exit status
configure:4115: $? = 1
configure: failed program was:
| /* confdefs.h */
| #define PACKAGE_NAME "fivmcrc"
| #define PACKAGE_TARNAME "fivmcrc"
| #define PACKAGE_VERSION "0.9.0"
| #define PACKAGE_STRING "fivmcrc 0.9.0"
| #define PACKAGE_BUGREPORT "elb@fiji-systems.com"
| #define PACKAGE_URL ""
| #define FIVMSYS_JNIPRE "lib"
| #define FIVMSYS_JNISUF ".so"
| #define FIVMSYS_SYS_PTRSIZE 8
| /* end confdefs.h.  */
| 
| /* Override any GCC internal prototype to avoid an error.
|    Use char because int might match the return type of a GCC
|    builtin and then its argument prototype would still apply.  */
| #ifdef __cplusplus
| extern "C"
| #endif
| char floor ();
| int
| main ()
| {
| return floor ();
|   ;
|   return 0;
| }
configure:4115: gcc -o conftest  -m64 -march=nocona -m64 -g -O2   -D_REENTRANT -D_GNU_SOURCE   conftest.c -lm   >&5
conftest.c:19:6: warning: conflicting types for built-in function 'floor' [enabled by default]
 char floor ();
      ^
configure:4115: $? = 0
configure:4132: result: -lm
configure:4143: checking for library containing dlopen
configure:4174: gcc -o conftest  -m64 -march=nocona -m64 -g -O2   -D_REENTRANT -D_GNU_SOURCE   conftest.c -lm  >&5
/tmp/cc5SqBdG.o: In function `main':
/home/scottflo/repos/cse605/fivm/target/conftest.c:23: undefined reference to `dlopen'
collect2: error: ld returned 1 exit status
configure:4174: $? = 1
configure: failed program was:
| /* confdefs.h */
| #define PACKAGE_NAME "fivmcrc"
| #define PACKAGE_TARNAME "fivmcrc"
| #define PACKAGE_VERSION "0.9.0"
| #define PACKAGE_STRING "fivmcrc 0.9.0"
| #define PACKAGE_BUGREPORT "elb@fiji-systems.com"
| #define PACKAGE_URL ""
| #define FIVMSYS_JNIPRE "lib"
| #define FIVMSYS_JNISUF ".so"
| #define FIVMSYS_SYS_PTRSIZE 8
| /* end confdefs.h.  */
| 
| /* Override any GCC internal prototype to avoid an error.
|    Use char because int might match the return type of a GCC
|    builtin and then its argument prototype would still apply.  */
| #ifdef __cplusplus
| extern "C"
| #endif
| char dlopen ();
| int
| main ()
| {
| return dlopen ();
|   ;
|   return 0;
| }
configure:4174: gcc -o conftest  -m64 -march=nocona -m64 -g -O2   -D_REENTRANT -D_GNU_SOURCE   conftest.c -ldl  -lm  >&5
configure:4174: $? = 0
configure:4191: result: -ldl
configure:4201: checking for library containing iconv
configure:4232: gcc -o conftest  -m64 -march=nocona -m64 -g -O2   -D_REENTRANT -D_GNU_SOURCE   conftest.c -ldl -lm  >&5
configure:4232: $? = 0
configure:4249: result: none required
configure:4259: checking for library containing pthread_create
configure:4290: gcc -o conftest  -m64 -march=nocona -m64 -g -O2   -D_REENTRANT -D_GNU_SOURCE   conftest.c -ldl -lm  >&5
/tmp/ccOCjks2.o: In function `main':
/home/scottflo/repos/cse605/fivm/target/conftest.c:24: undefined reference to `pthread_create'
collect2: error: ld returned 1 exit status
configure:4290: $? = 1
configure: failed program was:
| /* confdefs.h */
| #define PACKAGE_NAME "fivmcrc"
| #define PACKAGE_TARNAME "fivmcrc"
| #define PACKAGE_VERSION "0.9.0"
| #define PACKAGE_STRING "fivmcrc 0.9.0"
| #define PACKAGE_BUGREPORT "elb@fiji-systems.com"
| #define PACKAGE_URL ""
| #define FIVMSYS_JNIPRE "lib"
| #define FIVMSYS_JNISUF ".so"
| #define FIVMSYS_SYS_PTRSIZE 8
| #define HAVE_ICONV 1
| /* end confdefs.h.  */
| 
| /* Override any GCC internal prototype to avoid an error.
|    Use char because int might match the return type of a GCC
|    builtin and then its argument prototype would still apply.  */
| #ifdef __cplusplus
| extern "C"
| #endif
| char pthread_create ();
| int
| main ()
| {
| return pthread_create ();
|   ;
|   return 0;
| }
configure:4290: gcc -o conftest  -m64 -march=nocona -m64 -g -O2   -D_REENTRANT -D_GNU_SOURCE   conftest.c -lpthread  -ldl -lm  >&5
configure:4290: $? = 0
configure:4307: result: -lpthread
configure:4317: checking for library containing sem_init
configure:4348: gcc -o conftest  -m64 -march=nocona -m64 -g -O2   -D_REENTRANT -D_GNU_SOURCE   conftest.c -lpthread -ldl -lm  >&5
configure:4348: $? = 0
configure:4365: result: none required
configure:4373: checking for library containing clock_gettime
configure:4404: gcc -o conftest  -m64 -march=nocona -m64 -g -O2   -D_REENTRANT -D_GNU_SOURCE   conftest.c -lpthread -ldl -lm  >&5
configure:4404: $? = 0
configure:4421: result: none required
configure:4434: checking if sem_init() works
configure:4464: gcc -o conftest  -m64 -march=nocona -m64 -g -O2   -D_REENTRANT -D_GNU_SOURCE   conftest.c -lpthread -ldl -lm  >&5
configure:4464: $? = 0
configure:4464: ./conftest
configure:4464: $? = 0
configure:4465: result: yes
configure:4489: checking for special C compiler options needed for large files
configure:4534: result: no
configure:4540: checking for _FILE_OFFSET_BITS value needed for large files
configure:4565: gcc -c  -m64 -march=nocona -m64 -g -O2   -D_REENTRANT -D_GNU_SOURCE conftest.c >&5
configure:4565: $? = 0
configure:4597: result: no
configure:4688: checking how to run the C preprocessor
configure:4719: gcc -E   -D_REENTRANT -D_GNU_SOURCE conftest.c
configure:4719: $? = 0
configure:4733: gcc -E   -D_REENTRANT -D_GNU_SOURCE conftest.c
conftest.c:15:28: fatal error: ac_nonexistent.h: No such file or directory
 #include <ac_nonexistent.h>
                            ^
compilation terminated.
configure:4733: $? = 1
configure: failed program was:
| /* confdefs.h */
| #define PACKAGE_NAME "fivmcrc"
| #define PACKAGE_TARNAME "fivmcrc"
| #define PACKAGE_VERSION "0.9.0"
| #define PACKAGE_STRING "fivmcrc 0.9.0"
| #define PACKAGE_BUGREPORT "elb@fiji-systems.com"
| #define PACKAGE_URL ""
| #define FIVMSYS_JNIPRE "lib"
| #define FIVMSYS_JNISUF ".so"
| #define FIVMSYS_SYS_PTRSIZE 8
| #define HAVE_ICONV 1
| #define HAVE_CLOCK_GETTIME 1
| #define HAVE_WORKING_SEM_INIT 1
| /* end confdefs.h.  */
| #include <ac_nonexistent.h>
configure:4758: result: gcc -E
configure:4778: gcc -E   -D_REENTRANT -D_GNU_SOURCE conftest.c
configure:4778: $? = 0
configure:4792: gcc -E   -D_REENTRANT -D_GNU_SOURCE conftest.c
conftest.c:15:28: fatal error: ac_nonexistent.h: No such file or directory
 #include <ac_nonexistent.h>
                            ^
compilation terminated.
configure:4792: $? = 1
configure: failed program was:
| /* confdefs.h */
| #define PACKAGE_NAME "fivmcrc"
| #define PACKAGE_TARNAME "fivmcrc"
| #define PACKAGE_VERSION "0.9.0"
| #define PACKAGE_STRING "fivmcrc 0.9.0"
| #define PACKAGE_BUGREPORT "elb@fiji-systems.com"
| #define PACKAGE_URL ""
| #define FIVMSYS_JNIPRE "lib"
| #define FIVMSYS_JNISUF ".so"
| #define FIVMSYS_SYS_PTRSIZE 8
| #define HAVE_ICONV 1
| #define HAVE_CLOCK_GETTIME 1
| #define HAVE_WORKING_SEM_INIT 1
| /* end confdefs.h.  */
| #include <ac_nonexistent.h>
configure:4821: checking for grep that handles long lines and -e
configure:4879: result: /bin/grep
configure:4884: checking for egrep
configure:4946: result: /bin/grep -E
configure:4951: checking for ANSI C header files
configure:4971: gcc -c  -m64 -march=nocona -m64 -g -O2   -D_REENTRANT -D_GNU_SOURCE conftest.c >&5
configure:4971: $? = 0
configure:5044: gcc -o conftest  -m64 -march=nocona -m64 -g -O2   -D_REENTRANT -D_GNU_SOURCE   conftest.c -lpthread -ldl -lm  >&5
configure:5044: $? = 0
configure:5044: ./conftest
configure:5044: $? = 0
configure:5055: result: yes
configure:5068: checking for sys/types.h
configure:5068: gcc -c  -m64 -march=nocona -m64 -g -O2   -D_REENTRANT -D_GNU_SOURCE conftest.c >&5
configure:5068: $? = 0
configure:5068: result: yes
configure:5068: checking for sys/stat.h
configure:5068: gcc -c  -m64 -march=nocona -m64 -g -O2   -D_REENTRANT -D_GNU_SOURCE conftest.c >&5
configure:5068: $? = 0
configure:5068: result: yes
configure:5068: checking for stdlib.h
configure:5068: gcc -c  -m64 -march=nocona -m64 -g -O2   -D_REENTRANT -D_GNU_SOURCE conftest.c >&5
configure:5068: $? = 0
configure:5068: result: yes
configure:5068: checking for string.h
configure:5068: gcc -c  -m64 -march=nocona -m64 -g -O2   -D_REENTRANT -D_GNU_SOURCE conftest.c >&5
configure:5068: $? = 0
configure:5068: result: yes
configure:5068: checking for memory.h
configure:5068: gcc -c  -m64 -march=nocona -m64 -g -O2   -D_REENTRANT -D_GNU_SOURCE conftest.c >&5
configure:5068: $? = 0
configure:5068: result: yes
configure:5068: checking for strings.h
configure:5068: gcc -c  -m64 -march=nocona -m64 -g -O2   -D_REENTRANT -D_GNU_SOURCE conftest.c >&5
configure:5068: $? = 0
configure:5068: result: yes
configure:5068: checking for inttypes.h
configure:5068: gcc -c  -m64 -march=nocona -m64 -g -O2   -D_REENTRANT -D_GNU_SOURCE conftest.c >&5
configure:5068: $? = 0
configure:5068: result: yes
configure:5068: checking for stdint.h
configure:5068: gcc -c  -m64 -march=nocona -m64 -g -O2   -D_REENTRANT -D_GNU_SOURCE conftest.c >&5
configure:5068: $? = 0
configure:5068: result: yes
configure:5068: checking for unistd.h
configure:5068: gcc -c  -m64 -march=nocona -m64 -g -O2   -D_REENTRANT -D_GNU_SOURCE conftest.c >&5
configure:5068: $? = 0
configure:5068: result: yes
configure:5083: checking for inttypes.h
configure:5083: result: yes
configure:5083: checking stdbool.h usability
configure:5083: gcc -c  -m64 -march=nocona -m64 -g -O2   -D_REENTRANT -D_GNU_SOURCE conftest.c >&5
configure:5083: $? = 0
configure:5083: result: yes
configure:5083: checking stdbool.h presence
configure:5083: gcc -E   -D_REENTRANT -D_GNU_SOURCE conftest.c
configure:5083: $? = 0
configure:5083: result: yes
configure:5083: checking for stdbool.h
configure:5083: result: yes
configure:5083: checking for stdlib.h
configure:5083: result: yes
configure:5083: checking stdio.h usability
configure:5083: gcc -c  -m64 -march=nocona -m64 -g -O2   -D_REENTRANT -D_GNU_SOURCE conftest.c >&5
configure:5083: $? = 0
configure:5083: result: yes
configure:5083: checking stdio.h presence
configure:5083: gcc -E   -D_REENTRANT -D_GNU_SOURCE conftest.c
configure:5083: $? = 0
configure:5083: result: yes
configure:5083: checking for stdio.h
configure:5083: result: yes
configure:5083: checking stdarg.h usability
configure:5083: gcc -c  -m64 -march=nocona -m64 -g -O2   -D_REENTRANT -D_GNU_SOURCE conftest.c >&5
configure:5083: $? = 0
configure:5083: result: yes
configure:5083: checking stdarg.h presence
configure:5083: gcc -E   -D_REENTRANT -D_GNU_SOURCE conftest.c
configure:5083: $? = 0
configure:5083: result: yes
configure:5083: checking for stdarg.h
configure:5083: result: yes
configure:5096: checking alloca.h usability
configure:5096: gcc -c  -m64 -march=nocona -m64 -g -O2   -D_REENTRANT -D_GNU_SOURCE conftest.c >&5
configure:5096: $? = 0
configure:5096: result: yes
configure:5096: checking alloca.h presence
configure:5096: gcc -E   -D_REENTRANT -D_GNU_SOURCE conftest.c
configure:5096: $? = 0
configure:5096: result: yes
configure:5096: checking for alloca.h
configure:5096: result: yes
configure:5096: checking for strings.h
configure:5096: result: yes
configure:5096: checking sys/mman.h usability
configure:5096: gcc -c  -m64 -march=nocona -m64 -g -O2   -D_REENTRANT -D_GNU_SOURCE conftest.c >&5
configure:5096: $? = 0
configure:5096: result: yes
configure:5096: checking sys/mman.h presence
configure:5096: gcc -E   -D_REENTRANT -D_GNU_SOURCE conftest.c
configure:5096: $? = 0
configure:5096: result: yes
configure:5096: checking for sys/mman.h
configure:5096: result: yes
configure:5096: checking for string.h
configure:5096: result: yes
configure:5096: checking pthread.h usability
configure:5096: gcc -c  -m64 -march=nocona -m64 -g -O2   -D_REENTRANT -D_GNU_SOURCE conftest.c >&5
configure:5096: $? = 0
configure:5096: result: yes
configure:5096: checking pthread.h presence
configure:5096: gcc -E   -D_REENTRANT -D_GNU_SOURCE conftest.c
configure:5096: $? = 0
configure:5096: result: yes
configure:5096: checking for pthread.h
configure:5096: result: yes
configure:5109: checking math.h usability
configure:5109: gcc -c  -m64 -march=nocona -m64 -g -O2   -D_REENTRANT -D_GNU_SOURCE conftest.c >&5
configure:5109: $? = 0
configure:5109: result: yes
configure:5109: checking math.h presence
configure:5109: gcc -E   -D_REENTRANT -D_GNU_SOURCE conftest.c
configure:5109: $? = 0
configure:5109: result: yes
configure:5109: checking for math.h
configure:5109: result: yes
configure:5109: checking errno.h usability
configure:5109: gcc -c  -m64 -march=nocona -m64 -g -O2   -D_REENTRANT -D_GNU_SOURCE conftest.c >&5
configure:5109: $? = 0
configure:5109: result: yes
configure:5109: checking errno.h presence
configure:5109: gcc -E   -D_REENTRANT -D_GNU_SOURCE conftest.c
configure:5109: $? = 0
configure:5109: result: yes
configure:5109: checking for errno.h
configure:5109: result: yes
configure:5109: checking for unistd.h
configure:5109: result: yes
configure:5109: checking for sys/types.h
configure:5109: result: yes
configure:5109: checking fcntl.h usability
configure:5109: gcc -c  -m64 -march=nocona -m64 -g -O2   -D_REENTRANT -D_GNU_SOURCE conftest.c >&5
configure:5109: $? = 0
configure:5109: result: yes
configure:5109: checking fcntl.h presence
configure:5109: gcc -E   -D_REENTRANT -D_GNU_SOURCE conftest.c
configure:5109: $? = 0
configure:5109: result: yes
configure:5109: checking for fcntl.h
configure:5109: result: yes
configure:5109: checking sys/ioctl.h usability
configure:5109: gcc -c  -m64 -march=nocona -m64 -g -O2   -D_REENTRANT -D_GNU_SOURCE conftest.c >&5
configure:5109: $? = 0
configure:5109: result: yes
configure:5109: checking sys/ioctl.h presence
configure:5109: gcc -E   -D_REENTRANT -D_GNU_SOURCE conftest.c
configure:5109: $? = 0
configure:5109: result: yes
configure:5109: checking for sys/ioctl.h
configure:5109: result: yes
configure:5122: checking sys/socket.h usability
configure:5122: gcc -c  -m64 -march=nocona -m64 -g -O2   -D_REENTRANT -D_GNU_SOURCE conftest.c >&5
configure:5122: $? = 0
configure:5122: result: yes
configure:5122: checking sys/socket.h presence
configure:5122: gcc -E   -D_REENTRANT -D_GNU_SOURCE conftest.c
configure:5122: $? = 0
configure:5122: result: yes
configure:5122: checking for sys/socket.h
configure:5122: result: yes
configure:5122: checking sys/un.h usability
configure:5122: gcc -c  -m64 -march=nocona -m64 -g -O2   -D_REENTRANT -D_GNU_SOURCE conftest.c >&5
configure:5122: $? = 0
configure:5122: result: yes
configure:5122: checking sys/un.h presence
configure:5122: gcc -E   -D_REENTRANT -D_GNU_SOURCE conftest.c
configure:5122: $? = 0
configure:5122: result: yes
configure:5122: checking for sys/un.h
configure:5122: result: yes
configure:5122: checking netinet/in.h usability
configure:5122: gcc -c  -m64 -march=nocona -m64 -g -O2   -D_REENTRANT -D_GNU_SOURCE conftest.c >&5
configure:5122: $? = 0
configure:5122: result: yes
configure:5122: checking netinet/in.h presence
configure:5122: gcc -E   -D_REENTRANT -D_GNU_SOURCE conftest.c
configure:5122: $? = 0
configure:5122: result: yes
configure:5122: checking for netinet/in.h
configure:5122: result: yes
configure:5122: checking netinet/tcp.h usability
configure:5122: gcc -c  -m64 -march=nocona -m64 -g -O2   -D_REENTRANT -D_GNU_SOURCE conftest.c >&5
configure:5122: $? = 0
configure:5122: result: yes
configure:5122: checking netinet/tcp.h presence
configure:5122: gcc -E   -D_REENTRANT -D_GNU_SOURCE conftest.c
configure:5122: $? = 0
configure:5122: result: yes
configure:5122: checking for netinet/tcp.h
configure:5122: result: yes
configure:5122: checking netdb.h usability
configure:5122: gcc -c  -m64 -march=nocona -m64 -g -O2   -D_REENTRANT -D_GNU_SOURCE conftest.c >&5
configure:5122: $? = 0
configure:5122: result: yes
configure:5122: checking netdb.h presence
configure:5122: gcc -E   -D_REENTRANT -D_GNU_SOURCE conftest.c
configure:5122: $? = 0
configure:5122: result: yes
configure:5122: checking for netdb.h
configure:5122: result: yes
configure:5135: checking arpa/inet.h usability
configure:5135: gcc -c  -m64 -march=nocona -m64 -g -O2   -D_REENTRANT -D_GNU_SOURCE conftest.c >&5
configure:5135: $? = 0
configure:5135: result: yes
configure:5135: checking arpa/inet.h presence
configure:5135: gcc -E   -D_REENTRANT -D_GNU_SOURCE conftest.c
configure:5135: $? = 0
configure:5135: result: yes
configure:5135: checking for arpa/inet.h
configure:5135: result: yes
configure:5135: checking dirent.h usability
configure:5135: gcc -c  -m64 -march=nocona -m64 -g -O2   -D_REENTRANT -D_GNU_SOURCE conftest.c >&5
configure:5135: $? = 0
configure:5135: result: yes
configure:5135: checking dirent.h presence
configure:5135: gcc -E   -D_REENTRANT -D_GNU_SOURCE conftest.c
configure:5135: $? = 0
configure:5135: result: yes
configure:5135: checking for dirent.h
configure:5135: result: yes
configure:5135: checking for sys/stat.h
configure:5135: result: yes
configure:5135: checking ifaddrs.h usability
configure:5135: gcc -c  -m64 -march=nocona -m64 -g -O2   -D_REENTRANT -D_GNU_SOURCE conftest.c >&5
configure:5135: $? = 0
configure:5135: result: yes
configure:5135: checking ifaddrs.h presence
configure:5135: gcc -E   -D_REENTRANT -D_GNU_SOURCE conftest.c
configure:5135: $? = 0
configure:5135: result: yes
configure:5135: checking for ifaddrs.h
configure:5135: result: yes
configure:5135: checking sys/vfs.h usability
configure:5135: gcc -c  -m64 -march=nocona -m64 -g -O2   -D_REENTRANT -D_GNU_SOURCE conftest.c >&5
configure:5135: $? = 0
configure:5135: result: yes
configure:5135: checking sys/vfs.h presence
configure:5135: gcc -E   -D_REENTRANT -D_GNU_SOURCE conftest.c
configure:5135: $? = 0
configure:5135: result: yes
configure:5135: checking for sys/vfs.h
configure:5135: result: yes
configure:5148: checking sys/param.h usability
configure:5148: gcc -c  -m64 -march=nocona -m64 -g -O2   -D_REENTRANT -D_GNU_SOURCE conftest.c >&5
configure:5148: $? = 0
configure:5148: result: yes
configure:5148: checking sys/param.h presence
configure:5148: gcc -E   -D_REENTRANT -D_GNU_SOURCE conftest.c
configure:5148: $? = 0
configure:5148: result: yes
configure:5148: checking for sys/param.h
configure:5148: result: yes
configure:5148: checking sys/mount.h usability
configure:5148: gcc -c  -m64 -march=nocona -m64 -g -O2   -D_REENTRANT -D_GNU_SOURCE conftest.c >&5
configure:5148: $? = 0
configure:5148: result: yes
configure:5148: checking sys/mount.h presence
configure:5148: gcc -E   -D_REENTRANT -D_GNU_SOURCE conftest.c
configure:5148: $? = 0
configure:5148: result: yes
configure:5148: checking for sys/mount.h
configure:5148: result: yes
configure:5148: checking time.h usability
configure:5148: gcc -c  -m64 -march=nocona -m64 -g -O2   -D_REENTRANT -D_GNU_SOURCE conftest.c >&5
configure:5148: $? = 0
configure:5148: result: yes
configure:5148: checking time.h presence
configure:5148: gcc -E   -D_REENTRANT -D_GNU_SOURCE conftest.c
configure:5148: $? = 0
configure:5148: result: yes
configure:5148: checking for time.h
configure:5148: result: yes
configure:5148: checking sys/ucontext.h usability
configure:5148: gcc -c  -m64 -march=nocona -m64 -g -O2   -D_REENTRANT -D_GNU_SOURCE conftest.c >&5
configure:5148: $? = 0
configure:5148: result: yes
configure:5148: checking sys/ucontext.h presence
configure:5148: gcc -E   -D_REENTRANT -D_GNU_SOURCE conftest.c
configure:5148: $? = 0
configure:5148: result: yes
configure:5148: checking for sys/ucontext.h
configure:5148: result: yes
configure:5148: checking setjmp.h usability
configure:5148: gcc -c  -m64 -march=nocona -m64 -g -O2   -D_REENTRANT -D_GNU_SOURCE conftest.c >&5
configure:5148: $? = 0
configure:5148: result: yes
configure:5148: checking setjmp.h presence
configure:5148: gcc -E   -D_REENTRANT -D_GNU_SOURCE conftest.c
configure:5148: $? = 0
configure:5148: result: yes
configure:5148: checking for setjmp.h
configure:5148: result: yes
configure:5162: checking semaphore.h usability
configure:5162: gcc -c  -m64 -march=nocona -m64 -g -O2   -D_REENTRANT -D_GNU_SOURCE conftest.c >&5
configure:5162: $? = 0
configure:5162: result: yes
configure:5162: checking semaphore.h presence
configure:5162: gcc -E   -D_REENTRANT -D_GNU_SOURCE conftest.c
configure:5162: $? = 0
configure:5162: result: yes
configure:5162: checking for semaphore.h
configure:5162: result: yes
configure:5162: checking signal.h usability
configure:5162: gcc -c  -m64 -march=nocona -m64 -g -O2   -D_REENTRANT -D_GNU_SOURCE conftest.c >&5
configure:5162: $? = 0
configure:5162: result: yes
configure:5162: checking signal.h presence
configure:5162: gcc -E   -D_REENTRANT -D_GNU_SOURCE conftest.c
configure:5162: $? = 0
configure:5162: result: yes
configure:5162: checking for signal.h
configure:5162: result: yes
configure:5175: checking whether to enable dynamic loading
configure:5183: result: yes
configure:5188: checking for stat::st_mtime
configure:5213: gcc -o conftest  -m64 -march=nocona -m64 -g -O2   -D_REENTRANT -D_GNU_SOURCE   conftest.c -lpthread -ldl -lm  >&5
configure:5213: $? = 0
configure:5214: result: yes
configure:5226: checking for stat::st_mtimespec
configure:5251: gcc -o conftest  -m64 -march=nocona -m64 -g -O2   -D_REENTRANT -D_GNU_SOURCE   conftest.c -lpthread -ldl -lm  >&5
conftest.c: In function 'main':
conftest.c:71:5: error: 'struct stat' has no member named 'st_mtimespec'
   st.st_mtimespec.tv_nsec = 5;
     ^
conftest.c:72:9: error: 'struct stat' has no member named 'st_mtimespec'
   if (st.st_mtimespec.tv_nsec == 5) {
         ^
configure:5251: $? = 1
configure: failed program was:
| /* confdefs.h */
| #define PACKAGE_NAME "fivmcrc"
| #define PACKAGE_TARNAME "fivmcrc"
| #define PACKAGE_VERSION "0.9.0"
| #define PACKAGE_STRING "fivmcrc 0.9.0"
| #define PACKAGE_BUGREPORT "elb@fiji-systems.com"
| #define PACKAGE_URL ""
| #define FIVMSYS_JNIPRE "lib"
| #define FIVMSYS_JNISUF ".so"
| #define FIVMSYS_SYS_PTRSIZE 8
| #define HAVE_ICONV 1
| #define HAVE_CLOCK_GETTIME 1
| #define HAVE_WORKING_SEM_INIT 1
| #define STDC_HEADERS 1
| #define HAVE_SYS_TYPES_H 1
| #define HAVE_SYS_STAT_H 1
| #define HAVE_STDLIB_H 1
| #define HAVE_STRING_H 1
| #define HAVE_MEMORY_H 1
| #define HAVE_STRINGS_H 1
| #define HAVE_INTTYPES_H 1
| #define HAVE_STDINT_H 1
| #define HAVE_UNISTD_H 1
| #define HAVE_INTTYPES_H 1
| #define HAVE_STDBOOL_H 1
| #define HAVE_STDLIB_H 1
| #define HAVE_STDIO_H 1
| #define HAVE_STDARG_H 1
| #define HAVE_ALLOCA_H 1
| #define HAVE_STRINGS_H 1
| #define HAVE_SYS_MMAN_H 1
| #define HAVE_STRING_H 1
| #define HAVE_PTHREAD_H 1
| #define HAVE_MATH_H 1
| #define HAVE_ERRNO_H 1
| #define HAVE_UNISTD_H 1
| #define HAVE_SYS_TYPES_H 1
| #define HAVE_FCNTL_H 1
| #define HAVE_SYS_IOCTL_H 1
| #define HAVE_SYS_SOCKET_H 1
| #define HAVE_SYS_UN_H 1
| #define HAVE_NETINET_IN_H 1
| #define HAVE_NETINET_TCP_H 1
| #define HAVE_NETDB_H 1
| #define HAVE_ARPA_INET_H 1
| #define HAVE_DIRENT_H 1
| #define HAVE_SYS_STAT_H 1
| #define HAVE_IFADDRS_H 1
| #define HAVE_SYS_VFS_H 1
| #define HAVE_SYS_PARAM_H 1
| #define HAVE_SYS_MOUNT_H 1
| #define HAVE_TIME_H 1
| #define HAVE_SYS_UCONTEXT_H 1
| #define HAVE_SETJMP_H 1
| #define HAVE_SEMAPHORE_H 1
| #define HAVE_SIGNAL_H 1
| #define HAVE_STAT_MTIME 1
| /* end confdefs.h.  */
| 
| #ifdef HAVE_SYS_TYPES_H
| #  include <sys/types.h>
| #endif
| #ifdef HAVE_SYS_STAT_H
| #  include <sys/stat.h>
| #endif
| #ifdef HAVE_UNISTD_H
| #  include <unistd.h>
| #endif
| int main() {
|   struct stat st;
|   st.st_mtimespec.tv_nsec = 5;
|   if (st.st_mtimespec.tv_nsec == 5) {
|     return 0;
|   } else {
|     return 1;
|   }
| }
| 
configure:5258: result: no
configure:5264: checking whether byte ordering is bigendian
configure:5279: gcc -c  -m64 -march=nocona -m64 -g -O2   -D_REENTRANT -D_GNU_SOURCE conftest.c >&5
conftest.c:60:9: error: unknown type name 'not'
         not a universal capable compiler
         ^
conftest.c:60:15: error: expected '=', ',', ';', 'asm' or '__attribute__' before 'universal'
         not a universal capable compiler
               ^
conftest.c:60:15: error: unknown type name 'universal'
configure:5279: $? = 1
configure: failed program was:
| /* confdefs.h */
| #define PACKAGE_NAME "fivmcrc"
| #define PACKAGE_TARNAME "fivmcrc"
| #define PACKAGE_VERSION "0.9.0"
| #define PACKAGE_STRING "fivmcrc 0.9.0"
| #define PACKAGE_BUGREPORT "elb@fiji-systems.com"
| #define PACKAGE_URL ""
| #define FIVMSYS_JNIPRE "lib"
| #define FIVMSYS_JNISUF ".so"
| #define FIVMSYS_SYS_PTRSIZE 8
| #define HAVE_ICONV 1
| #define HAVE_CLOCK_GETTIME 1
| #define HAVE_WORKING_SEM_INIT 1
| #define STDC_HEADERS 1
| #define HAVE_SYS_TYPES_H 1
| #define HAVE_SYS_STAT_H 1
| #define HAVE_STDLIB_H 1
| #define HAVE_STRING_H 1
| #define HAVE_MEMORY_H 1
| #define HAVE_STRINGS_H 1
| #define HAVE_INTTYPES_H 1
| #define HAVE_STDINT_H 1
| #define HAVE_UNISTD_H 1
| #define HAVE_INTTYPES_H 1
| #define HAVE_STDBOOL_H 1
| #define HAVE_STDLIB_H 1
| #define HAVE_STDIO_H 1
| #define HAVE_STDARG_H 1
| #define HAVE_ALLOCA_H 1
| #define HAVE_STRINGS_H 1
| #define HAVE_SYS_MMAN_H 1
| #define HAVE_STRING_H 1
| #define HAVE_PTHREAD_H 1
| #define HAVE_MATH_H 1
| #define HAVE_ERRNO_H 1
| #define HAVE_UNISTD_H 1
| #define HAVE_SYS_TYPES_H 1
| #define HAVE_FCNTL_H 1
| #define HAVE_SYS_IOCTL_H 1
| #define HAVE_SYS_SOCKET_H 1
| #define HAVE_SYS_UN_H 1
| #define HAVE_NETINET_IN_H 1
| #define HAVE_NETINET_TCP_H 1
| #define HAVE_NETDB_H 1
| #define HAVE_ARPA_INET_H 1
| #define HAVE_DIRENT_H 1
| #define HAVE_SYS_STAT_H 1
| #define HAVE_IFADDRS_H 1
| #define HAVE_SYS_VFS_H 1
| #define HAVE_SYS_PARAM_H 1
| #define HAVE_SYS_MOUNT_H 1
| #define HAVE_TIME_H 1
| #define HAVE_SYS_UCONTEXT_H 1
| #define HAVE_SETJMP_H 1
| #define HAVE_SEMAPHORE_H 1
| #define HAVE_SIGNAL_H 1
| #define HAVE_STAT_MTIME 1
| /* end confdefs.h.  */
| #ifndef __APPLE_CC__
| 	       not a universal capable compiler
| 	     #endif
| 	     typedef int dummy;
| 
configure:5324: gcc -c  -m64 -march=nocona -m64 -g -O2   -D_REENTRANT -D_GNU_SOURCE conftest.c >&5
configure:5324: $? = 0
configure:5342: gcc -c  -m64 -march=nocona -m64 -g -O2   -D_REENTRANT -D_GNU_SOURCE conftest.c >&5
conftest.c: In function 'main':
conftest.c:66:4: error: unknown type name 'not'
    not big endian
    ^
conftest.c:66:12: error: expected '=', ',', ';', 'asm' or '__attribute__' before 'endian'
    not big endian
            ^
configure:5342: $? = 1
configure: failed program was:
| /* confdefs.h */
| #define PACKAGE_NAME "fivmcrc"
| #define PACKAGE_TARNAME "fivmcrc"
| #define PACKAGE_VERSION "0.9.0"
| #define PACKAGE_STRING "fivmcrc 0.9.0"
| #define PACKAGE_BUGREPORT "elb@fiji-systems.com"
| #define PACKAGE_URL ""
| #define FIVMSYS_JNIPRE "lib"
| #define FIVMSYS_JNISUF ".so"
| #define FIVMSYS_SYS_PTRSIZE 8
| #define HAVE_ICONV 1
| #define HAVE_CLOCK_GETTIME 1
| #define HAVE_WORKING_SEM_INIT 1
| #define STDC_HEADERS 1
| #define HAVE_SYS_TYPES_H 1
| #define HAVE_SYS_STAT_H 1
| #define HAVE_STDLIB_H 1
| #define HAVE_STRING_H 1
| #define HAVE_MEMORY_H 1
| #define HAVE_STRINGS_H 1
| #define HAVE_INTTYPES_H 1
| #define HAVE_STDINT_H 1
| #define HAVE_UNISTD_H 1
| #define HAVE_INTTYPES_H 1
| #define HAVE_STDBOOL_H 1
| #define HAVE_STDLIB_H 1
| #define HAVE_STDIO_H 1
| #define HAVE_STDARG_H 1
| #define HAVE_ALLOCA_H 1
| #define HAVE_STRINGS_H 1
| #define HAVE_SYS_MMAN_H 1
| #define HAVE_STRING_H 1
| #define HAVE_PTHREAD_H 1
| #define HAVE_MATH_H 1
| #define HAVE_ERRNO_H 1
| #define HAVE_UNISTD_H 1
| #define HAVE_SYS_TYPES_H 1
| #define HAVE_FCNTL_H 1
| #define HAVE_SYS_IOCTL_H 1
| #define HAVE_SYS_SOCKET_H 1
| #define HAVE_SYS_UN_H 1
| #define HAVE_NETINET_IN_H 1
| #define HAVE_NETINET_TCP_H 1
| #define HAVE_NETDB_H 1
| #define HAVE_ARPA_INET_H 1
| #define HAVE_DIRENT_H 1
| #define HAVE_SYS_STAT_H 1
| #define HAVE_IFADDRS_H 1
| #define HAVE_SYS_VFS_H 1
| #define HAVE_SYS_PARAM_H 1
| #define HAVE_SYS_MOUNT_H 1
| #define HAVE_TIME_H 1
| #define HAVE_SYS_UCONTEXT_H 1
| #define HAVE_SETJMP_H 1
| #define HAVE_SEMAPHORE_H 1
| #define HAVE_SIGNAL_H 1
| #define HAVE_STAT_MTIME 1
| /* end confdefs.h.  */
| #include <sys/types.h>
| 		#include <sys/param.h>
| 
| int
| main ()
| {
| #if BYTE_ORDER != BIG_ENDIAN
| 		 not big endian
| 		#endif
| 
|   ;
|   return 0;
| }
configure:5470: result: no
configure:5488: checking how to prevent inlining
configure:5506: gcc -c  -m64 -march=nocona -m64 -g -O2   -D_REENTRANT -D_GNU_SOURCE conftest.c >&5
configure:5506: $? = 0
configure:5508: result: using __attribute__((noinline))
configure:5528: checking how to force inlining
configure:5546: gcc -c  -m64 -march=nocona -m64 -g -O2   -D_REENTRANT -D_GNU_SOURCE conftest.c >&5
conftest.c:62:10: warning: always_inline function might not be inlinable [-Wattributes]
     void my_func() {
          ^
configure:5546: $? = 0
configure:5548: result: using __attribute__((always_inline))
configure:5565: checking for inline
configure:5581: gcc -c  -m64 -march=nocona -m64 -g -O2   -D_REENTRANT -D_GNU_SOURCE conftest.c >&5
configure:5581: $? = 0
configure:5589: result: inline
configure:5607: checking for an ANSI C-conforming const
configure:5673: gcc -c  -m64 -march=nocona -m64 -g -O2   -D_REENTRANT -D_GNU_SOURCE conftest.c >&5
configure:5673: $? = 0
configure:5680: result: yes
configure:5688: checking for working volatile
configure:5707: gcc -c  -m64 -march=nocona -m64 -g -O2   -D_REENTRANT -D_GNU_SOURCE conftest.c >&5
configure:5707: $? = 0
configure:5714: result: yes
configure:5723: checking for backend architecture
configure:5806: result: none
configure:5818: checking for supported synchronization
configure:5871: gcc -o conftest  -m64 -march=nocona -m64 -g -O2   -D_REENTRANT -D_GNU_SOURCE   conftest.c -lpthread -ldl -lm  >&5
configure:5871: $? = 0
configure:5871: ./conftest
configure:5871: $? = 0
configure:5991: result: gcc-intrinsic
configure:6041: checking for pause support
configure:6055: gcc -o conftest  -m64 -march=nocona -m64 -g -O2   -D_REENTRANT -D_GNU_SOURCE   conftest.c -lpthread -ldl -lm  >&5
configure:6055: $? = 0
configure:6074: result: x86
configure:6077: checking for supported timestamp
configure:6108: gcc -o conftest  -m64 -march=nocona -m64 -g -O2   -D_REENTRANT -D_GNU_SOURCE   conftest.c -lpthread -ldl -lm  >&5
configure:6108: $? = 0
configure:6108: ./conftest
configure:6108: $? = 0
configure:6157: result: x86
configure:6182: checking log(page size)
configure:6221: gcc -o conftest  -m64 -march=nocona -m64 -g -O2   -D_REENTRANT -D_GNU_SOURCE   conftest.c -lpthread -ldl -lm  >&5
configure:6221: $? = 0
configure:6221: ./conftest
configure:6221: $? = 0
configure:6223: result: 12
configure:6240: checking if priority inheritance mutexes work
configure:6265: gcc -o conftest  -m64 -march=nocona -m64 -g -O2   -D_REENTRANT -D_GNU_SOURCE   conftest.c -lpthread -ldl -lm  >&5
configure:6265: $? = 0
configure:6265: ./conftest
configure:6265: $? = 0
configure:6277: result: yes
configure:6287: checking if priority ceiling mutexes work
configure:6313: gcc -o conftest  -m64 -march=nocona -m64 -g -O2   -D_REENTRANT -D_GNU_SOURCE   conftest.c -lpthread -ldl -lm  >&5
configure:6313: $? = 0
configure:6313: ./conftest
configure:6313: $? = 0
configure:6325: result: yes
configure:6335: checking for IPv6 support
configure:6355: gcc -o conftest  -m64 -march=nocona -m64 -g -O2   -D_REENTRANT -D_GNU_SOURCE   conftest.c -lpthread -ldl -lm  >&5
configure:6355: $? = 0
configure:6365: result: yes
configure:6377: checking for MAP_ANON
configure:6392: gcc -c  -m64 -march=nocona -m64 -g -O2   -D_REENTRANT -D_GNU_SOURCE conftest.c >&5
configure:6392: $? = 0
configure:6394: result: yes
configure:6408: checking for MAP_ANONYMOUS
configure:6423: gcc -c  -m64 -march=nocona -m64 -g -O2   -D_REENTRANT -D_GNU_SOURCE conftest.c >&5
configure:6423: $? = 0
configure:6425: result: yes
configure:6458: checking C compiler for option -Wno-unused-command-line-argument
configure:6492: gcc -o conftest  -m64 -march=nocona -m64 -g -O2 -Wno-unused-command-line-argument   -D_REENTRANT -D_GNU_SOURCE   conftest.c -lpthread -ldl -lm  >&5
configure:6492: $? = 0
configure:6492: ./conftest
configure:6492: $? = 0
configure:6503: result: yes
configure:6514: checking C compiler for option -O3
configure:6548: gcc -o conftest  -m64 -march=nocona -m64 -g -O2 -O3   -D_REENTRANT -D_GNU_SOURCE   conftest.c -lpthread -ldl -lm  >&5
configure:6548: $? = 0
configure:6548: ./conftest
configure:6548: $? = 0
configure:6559: result: yes
configure:6568: checking C compiler for option -fno-strict-aliasing
configure:6602: gcc -o conftest  -m64 -march=nocona -m64 -g -O2 -fno-strict-aliasing   -D_REENTRANT -D_GNU_SOURCE   conftest.c -lpthread -ldl -lm  >&5
configure:6602: $? = 0
configure:6602: ./conftest
configure:6602: $? = 0
configure:6613: result: yes
configure:6622: checking C compiler for option -fno-optimize-sibling-calls
configure:6656: gcc -o conftest  -m64 -march=nocona -m64 -g -O2 -fno-optimize-sibling-calls   -D_REENTRANT -D_GNU_SOURCE   conftest.c -lpthread -ldl -lm  >&5
configure:6656: $? = 0
configure:6656: ./conftest
configure:6656: $? = 0
configure:6667: result: yes
configure:6676: checking C compiler for option -fomit-frame-pointer
configure:6710: gcc -o conftest  -m64 -march=nocona -m64 -g -O2 -fomit-frame-pointer   -D_REENTRANT -D_GNU_SOURCE   conftest.c -lpthread -ldl -lm  >&5
configure:6710: $? = 0
configure:6710: ./conftest
configure:6710: $? = 0
configure:6721: result: yes
configure:6730: checking C compiler for option -falign-loops
configure:6764: gcc -o conftest  -m64 -march=nocona -m64 -g -O2 -falign-loops   -D_REENTRANT -D_GNU_SOURCE   conftest.c -lpthread -ldl -lm  >&5
configure:6764: $? = 0
configure:6764: ./conftest
configure:6764: $? = 0
configure:6775: result: yes
configure:6784: checking C compiler for option -fwrapv
configure:6818: gcc -o conftest  -m64 -march=nocona -m64 -g -O2 -fwrapv   -D_REENTRANT -D_GNU_SOURCE   conftest.c -lpthread -ldl -lm  >&5
configure:6818: $? = 0
configure:6818: ./conftest
configure:6818: $? = 0
configure:6829: result: yes
configure:6840: checking C compiler for option -momit-leaf-frame-pointer
configure:6874: gcc -o conftest  -m64 -march=nocona -m64 -g -O2 -momit-leaf-frame-pointer   -D_REENTRANT -D_GNU_SOURCE   conftest.c -lpthread -ldl -lm  >&5
configure:6874: $? = 0
configure:6874: ./conftest
configure:6874: $? = 0
configure:6885: result: yes
configure:6897: checking whether to try SSE instruction generation
configure:6900: result: yes
configure:6903: checking C compiler for option -msse2
configure:6937: gcc -o conftest  -m64 -march=nocona -m64 -g -O2 -msse2   -D_REENTRANT -D_GNU_SOURCE   conftest.c -lpthread -ldl -lm  >&5
configure:6937: $? = 0
configure:6937: ./conftest
configure:6937: $? = 0
configure:6948: result: yes
configure:6957: checking C compiler for option -mfpmath=sse
configure:6991: gcc -o conftest  -m64 -march=nocona -m64 -g -O2 -mfpmath=sse   -D_REENTRANT -D_GNU_SOURCE   conftest.c -lpthread -ldl -lm  >&5
configure:6991: $? = 0
configure:6991: ./conftest
configure:6991: $? = 0
configure:7002: result: yes
configure:7015: checking C compiler for option -fno-pic
configure:7049: gcc -o conftest  -m64 -march=nocona -m64 -g -O2 -fno-pic   -D_REENTRANT -D_GNU_SOURCE   conftest.c -lpthread -ldl -lm  >&5
configure:7049: $? = 0
configure:7049: ./conftest
configure:7049: $? = 0
configure:7060: result: yes
configure:7070: checking C compiler for option -mdynamic-no-pic
configure:7104: gcc -o conftest  -m64 -march=nocona -m64 -g -O2 -mdynamic-no-pic   -D_REENTRANT -D_GNU_SOURCE   conftest.c -lpthread -ldl -lm  >&5
gcc: error: unrecognized command line option '-mdynamic-no-pic'
configure:7104: $? = 1
configure: program exited with status 1
configure: failed program was:
| /* confdefs.h */
| #define PACKAGE_NAME "fivmcrc"
| #define PACKAGE_TARNAME "fivmcrc"
| #define PACKAGE_VERSION "0.9.0"
| #define PACKAGE_STRING "fivmcrc 0.9.0"
| #define PACKAGE_BUGREPORT "elb@fiji-systems.com"
| #define PACKAGE_URL ""
| #define FIVMSYS_JNIPRE "lib"
| #define FIVMSYS_JNISUF ".so"
| #define FIVMSYS_SYS_PTRSIZE 8
| #define HAVE_ICONV 1
| #define HAVE_CLOCK_GETTIME 1
| #define HAVE_WORKING_SEM_INIT 1
| #define STDC_HEADERS 1
| #define HAVE_SYS_TYPES_H 1
| #define HAVE_SYS_STAT_H 1
| #define HAVE_STDLIB_H 1
| #define HAVE_STRING_H 1
| #define HAVE_MEMORY_H 1
| #define HAVE_STRINGS_H 1
| #define HAVE_INTTYPES_H 1
| #define HAVE_STDINT_H 1
| #define HAVE_UNISTD_H 1
| #define HAVE_INTTYPES_H 1
| #define HAVE_STDBOOL_H 1
| #define HAVE_STDLIB_H 1
| #define HAVE_STDIO_H 1
| #define HAVE_STDARG_H 1
| #define HAVE_ALLOCA_H 1
| #define HAVE_STRINGS_H 1
| #define HAVE_SYS_MMAN_H 1
| #define HAVE_STRING_H 1
| #define HAVE_PTHREAD_H 1
| #define HAVE_MATH_H 1
| #define HAVE_ERRNO_H 1
| #define HAVE_UNISTD_H 1
| #define HAVE_SYS_TYPES_H 1
| #define HAVE_FCNTL_H 1
| #define HAVE_SYS_IOCTL_H 1
| #define HAVE_SYS_SOCKET_H 1
| #define HAVE_SYS_UN_H 1
| #define HAVE_NETINET_IN_H 1
| #define HAVE_NETINET_TCP_H 1
| #define HAVE_NETDB_H 1
| #define HAVE_ARPA_INET_H 1
| #define HAVE_DIRENT_H 1
| #define HAVE_SYS_STAT_H 1
| #define HAVE_IFADDRS_H 1
| #define HAVE_SYS_VFS_H 1
| #define HAVE_SYS_PARAM_H 1
| #define HAVE_SYS_MOUNT_H 1
| #define HAVE_TIME_H 1
| #define HAVE_SYS_UCONTEXT_H 1
| #define HAVE_SETJMP_H 1
| #define HAVE_SEMAPHORE_H 1
| #define HAVE_SIGNAL_H 1
| #define HAVE_STAT_MTIME 1
| #define NO_INLINE_ATTR __attribute__((noinline))
| #define FORCE_INLINE_ATTR __attribute__((always_inline))
| #define HAVE_X86_PAUSE 1
| #define HAVE_X86_RDTSC 1
| #define HAVE_PTHREAD_PIP 1
| #define HAVE_PTHREAD_PCEP 1
| #define HAVE_INET6 1
| #define HAVE_MAP_ANON 1
| #define HAVE_MAP_ANONYMOUS 1
| /* end confdefs.h.  */
| 
| int
| main ()
| {
| 
|   ;
|   return 0;
| }
configure:7119: result: no
configure:7244: checking C compiler for option -Os
configure:7278: gcc -o conftest  -m64 -march=nocona -m64 -g -O2 -Os   -D_REENTRANT -D_GNU_SOURCE   conftest.c -lpthread -ldl -lm  >&5
configure:7278: $? = 0
configure:7278: ./conftest
configure:7278: $? = 0
configure:7289: result: yes
configure:7299: checking C compiler for option -g
configure:7333: gcc -o conftest  -m64 -march=nocona -m64 -g -O2 -g   -D_REENTRANT -D_GNU_SOURCE   conftest.c -lpthread -ldl -lm  >&5
configure:7333: $? = 0
configure:7333: ./conftest
configure:7333: $? = 0
configure:7344: result: yes
configure:7354: checking C compiler for option -W
configure:7388: gcc -o conftest  -m64 -march=nocona -m64 -g -O2 -W   -D_REENTRANT -D_GNU_SOURCE   conftest.c -lpthread -ldl -lm  >&5
configure:7388: $? = 0
configure:7388: ./conftest
configure:7388: $? = 0
configure:7399: result: yes
configure:7408: checking C compiler for option -Werror
configure:7442: gcc -o conftest  -m64 -march=nocona -m64 -g -O2 -Werror   -D_REENTRANT -D_GNU_SOURCE   conftest.c -lpthread -ldl -lm  >&5
configure:7442: $? = 0
configure:7442: ./conftest
configure:7442: $? = 0
configure:7453: result: yes
configure:7462: checking C compiler for option -Wno-unused-parameter
configure:7496: gcc -o conftest  -m64 -march=nocona -m64 -g -O2 -Wno-unused-parameter   -D_REENTRANT -D_GNU_SOURCE   conftest.c -lpthread -ldl -lm  >&5
configure:7496: $? = 0
configure:7496: ./conftest
configure:7496: $? = 0
configure:7507: result: yes
configure:7517: checking C compiler for option -w
configure:7551: gcc -o conftest  -m64 -march=nocona -m64 -g -O2 -w   -D_REENTRANT -D_GNU_SOURCE   conftest.c -lpthread -ldl -lm  >&5
configure:7551: $? = 0
configure:7551: ./conftest
configure:7551: $? = 0
configure:7562: result: yes
configure:7583: checking for opendir
configure:7583: gcc -o conftest  -m64 -march=nocona -m64 -g -O2   -D_REENTRANT -D_GNU_SOURCE    -m64 -march=nocona -m64 conftest.c -lpthread -ldl -lm  >&5
configure:7583: $? = 0
configure:7583: result: yes
configure:7583: checking for readdir_r
configure:7583: gcc -o conftest  -m64 -march=nocona -m64 -g -O2   -D_REENTRANT -D_GNU_SOURCE    -m64 -march=nocona -m64 conftest.c -lpthread -ldl -lm  >&5
configure:7583: $? = 0
configure:7583: result: yes
configure:7583: checking for closedir
configure:7583: gcc -o conftest  -m64 -march=nocona -m64 -g -O2   -D_REENTRANT -D_GNU_SOURCE    -m64 -march=nocona -m64 conftest.c -lpthread -ldl -lm  >&5
configure:7583: $? = 0
configure:7583: result: yes
configure:7595: checking for ioctl
configure:7595: gcc -o conftest  -m64 -march=nocona -m64 -g -O2   -D_REENTRANT -D_GNU_SOURCE    -m64 -march=nocona -m64 conftest.c -lpthread -ldl -lm  >&5
configure:7595: $? = 0
configure:7595: result: yes
configure:7595: checking for fcntl
configure:7595: gcc -o conftest  -m64 -march=nocona -m64 -g -O2   -D_REENTRANT -D_GNU_SOURCE    -m64 -march=nocona -m64 conftest.c -lpthread -ldl -lm  >&5
configure:7595: $? = 0
configure:7595: result: yes
configure:7595: checking for bind
configure:7595: gcc -o conftest  -m64 -march=nocona -m64 -g -O2   -D_REENTRANT -D_GNU_SOURCE    -m64 -march=nocona -m64 conftest.c -lpthread -ldl -lm  >&5
configure:7595: $? = 0
configure:7595: result: yes
configure:7595: checking for listen
configure:7595: gcc -o conftest  -m64 -march=nocona -m64 -g -O2   -D_REENTRANT -D_GNU_SOURCE    -m64 -march=nocona -m64 conftest.c -lpthread -ldl -lm  >&5
configure:7595: $? = 0
configure:7595: result: yes
configure:7595: checking for shutdown
configure:7595: gcc -o conftest  -m64 -march=nocona -m64 -g -O2   -D_REENTRANT -D_GNU_SOURCE    -m64 -march=nocona -m64 conftest.c -lpthread -ldl -lm  >&5
configure:7595: $? = 0
configure:7595: result: yes
configure:7595: checking for send
configure:7595: gcc -o conftest  -m64 -march=nocona -m64 -g -O2   -D_REENTRANT -D_GNU_SOURCE    -m64 -march=nocona -m64 conftest.c -lpthread -ldl -lm  >&5
configure:7595: $? = 0
configure:7595: result: yes
configure:7595: checking for recv
configure:7595: gcc -o conftest  -m64 -march=nocona -m64 -g -O2   -D_REENTRANT -D_GNU_SOURCE    -m64 -march=nocona -m64 conftest.c -lpthread -ldl -lm  >&5
configure:7595: $? = 0
configure:7595: result: yes
configure:7595: checking for access
configure:7595: gcc -o conftest  -m64 -march=nocona -m64 -g -O2   -D_REENTRANT -D_GNU_SOURCE    -m64 -march=nocona -m64 conftest.c -lpthread -ldl -lm  >&5
configure:7595: $? = 0
configure:7595: result: yes
configure:7607: checking for stat
configure:7607: gcc -o conftest  -m64 -march=nocona -m64 -g -O2   -D_REENTRANT -D_GNU_SOURCE    -m64 -march=nocona -m64 conftest.c -lpthread -ldl -lm  >&5
configure:7607: $? = 0
configure:7607: result: yes
configure:7607: checking for unlink
configure:7607: gcc -o conftest  -m64 -march=nocona -m64 -g -O2   -D_REENTRANT -D_GNU_SOURCE    -m64 -march=nocona -m64 conftest.c -lpthread -ldl -lm  >&5
configure:7607: $? = 0
configure:7607: result: yes
configure:7607: checking for realpath
configure:7607: gcc -o conftest  -m64 -march=nocona -m64 -g -O2   -D_REENTRANT -D_GNU_SOURCE    -m64 -march=nocona -m64 conftest.c -lpthread -ldl -lm  >&5
configure:7607: $? = 0
configure:7607: result: yes
configure:7607: checking for mkdir
configure:7607: gcc -o conftest  -m64 -march=nocona -m64 -g -O2   -D_REENTRANT -D_GNU_SOURCE    -m64 -march=nocona -m64 conftest.c -lpthread -ldl -lm  >&5
configure:7607: $? = 0
configure:7607: result: yes
configure:7607: checking for chmod
configure:7607: gcc -o conftest  -m64 -march=nocona -m64 -g -O2   -D_REENTRANT -D_GNU_SOURCE    -m64 -march=nocona -m64 conftest.c -lpthread -ldl -lm  >&5
configure:7607: $? = 0
configure:7607: result: yes
configure:7607: checking for rename
configure:7607: gcc -o conftest  -m64 -march=nocona -m64 -g -O2   -D_REENTRANT -D_GNU_SOURCE    -m64 -march=nocona -m64 conftest.c -lpthread -ldl -lm  >&5
configure:7607: $? = 0
configure:7607: result: yes
configure:7607: checking for statfs
configure:7607: gcc -o conftest  -m64 -march=nocona -m64 -g -O2   -D_REENTRANT -D_GNU_SOURCE    -m64 -march=nocona -m64 conftest.c -lpthread -ldl -lm  >&5
configure:7607: $? = 0
configure:7607: result: yes
configure:7619: checking for getifaddrs
configure:7619: gcc -o conftest  -m64 -march=nocona -m64 -g -O2   -D_REENTRANT -D_GNU_SOURCE    -m64 -march=nocona -m64 conftest.c -lpthread -ldl -lm  >&5
configure:7619: $? = 0
configure:7619: result: yes
configure:7619: checking for freeifaddrs
configure:7619: gcc -o conftest  -m64 -march=nocona -m64 -g -O2   -D_REENTRANT -D_GNU_SOURCE    -m64 -march=nocona -m64 conftest.c -lpthread -ldl -lm  >&5
configure:7619: $? = 0
configure:7619: result: yes
configure:7619: checking for inet_aton
configure:7619: gcc -o conftest  -m64 -march=nocona -m64 -g -O2   -D_REENTRANT -D_GNU_SOURCE    -m64 -march=nocona -m64 conftest.c -lpthread -ldl -lm  >&5
configure:7619: $? = 0
configure:7619: result: yes
configure:7619: checking for gethostname
configure:7619: gcc -o conftest  -m64 -march=nocona -m64 -g -O2   -D_REENTRANT -D_GNU_SOURCE    -m64 -march=nocona -m64 conftest.c -lpthread -ldl -lm  >&5
configure:7619: $? = 0
configure:7619: result: yes
configure:7631: checking for recvfrom
configure:7631: gcc -o conftest  -m64 -march=nocona -m64 -g -O2   -D_REENTRANT -D_GNU_SOURCE    -m64 -march=nocona -m64 conftest.c -lpthread -ldl -lm  >&5
configure:7631: $? = 0
configure:7631: result: yes
configure:7631: checking for sendto
configure:7631: gcc -o conftest  -m64 -march=nocona -m64 -g -O2   -D_REENTRANT -D_GNU_SOURCE    -m64 -march=nocona -m64 conftest.c -lpthread -ldl -lm  >&5
configure:7631: $? = 0
configure:7631: result: yes
configure:7631: checking for select
configure:7631: gcc -o conftest  -m64 -march=nocona -m64 -g -O2   -D_REENTRANT -D_GNU_SOURCE    -m64 -march=nocona -m64 conftest.c -lpthread -ldl -lm  >&5
configure:7631: $? = 0
configure:7631: result: yes
configure:7631: checking for socket
configure:7631: gcc -o conftest  -m64 -march=nocona -m64 -g -O2   -D_REENTRANT -D_GNU_SOURCE    -m64 -march=nocona -m64 conftest.c -lpthread -ldl -lm  >&5
configure:7631: $? = 0
configure:7631: result: yes
configure:7631: checking for connect
configure:7631: gcc -o conftest  -m64 -march=nocona -m64 -g -O2   -D_REENTRANT -D_GNU_SOURCE    -m64 -march=nocona -m64 conftest.c -lpthread -ldl -lm  >&5
configure:7631: $? = 0
configure:7631: result: yes
configure:7643: checking for getsockname
configure:7643: gcc -o conftest  -m64 -march=nocona -m64 -g -O2   -D_REENTRANT -D_GNU_SOURCE    -m64 -march=nocona -m64 conftest.c -lpthread -ldl -lm  >&5
configure:7643: $? = 0
configure:7643: result: yes
configure:7643: checking for getpeername
configure:7643: gcc -o conftest  -m64 -march=nocona -m64 -g -O2   -D_REENTRANT -D_GNU_SOURCE    -m64 -march=nocona -m64 conftest.c -lpthread -ldl -lm  >&5
configure:7643: $? = 0
configure:7643: result: yes
configure:7643: checking for accept
configure:7643: gcc -o conftest  -m64 -march=nocona -m64 -g -O2   -D_REENTRANT -D_GNU_SOURCE    -m64 -march=nocona -m64 conftest.c -lpthread -ldl -lm  >&5
configure:7643: $? = 0
configure:7643: result: yes
configure:7643: checking for fsync
configure:7643: gcc -o conftest  -m64 -march=nocona -m64 -g -O2   -D_REENTRANT -D_GNU_SOURCE    -m64 -march=nocona -m64 conftest.c -lpthread -ldl -lm  >&5
configure:7643: $? = 0
configure:7643: result: yes
configure:7655: checking for FD_CLR
configure:7655: gcc -o conftest  -m64 -march=nocona -m64 -g -O2   -D_REENTRANT -D_GNU_SOURCE    -m64 -march=nocona -m64 conftest.c -lpthread -ldl -lm  >&5
/tmp/ccd4vplM.o: In function `main':
/home/scottflo/repos/cse605/fivm/target/conftest.c:133: undefined reference to `FD_CLR'
collect2: error: ld returned 1 exit status
configure:7655: $? = 1
configure: failed program was:
| /* confdefs.h */
| #define PACKAGE_NAME "fivmcrc"
| #define PACKAGE_TARNAME "fivmcrc"
| #define PACKAGE_VERSION "0.9.0"
| #define PACKAGE_STRING "fivmcrc 0.9.0"
| #define PACKAGE_BUGREPORT "elb@fiji-systems.com"
| #define PACKAGE_URL ""
| #define FIVMSYS_JNIPRE "lib"
| #define FIVMSYS_JNISUF ".so"
| #define FIVMSYS_SYS_PTRSIZE 8
| #define HAVE_ICONV 1
| #define HAVE_CLOCK_GETTIME 1
| #define HAVE_WORKING_SEM_INIT 1
| #define STDC_HEADERS 1
| #define HAVE_SYS_TYPES_H 1
| #define HAVE_SYS_STAT_H 1
| #define HAVE_STDLIB_H 1
| #define HAVE_STRING_H 1
| #define HAVE_MEMORY_H 1
| #define HAVE_STRINGS_H 1
| #define HAVE_INTTYPES_H 1
| #define HAVE_STDINT_H 1
| #define HAVE_UNISTD_H 1
| #define HAVE_INTTYPES_H 1
| #define HAVE_STDBOOL_H 1
| #define HAVE_STDLIB_H 1
| #define HAVE_STDIO_H 1
| #define HAVE_STDARG_H 1
| #define HAVE_ALLOCA_H 1
| #define HAVE_STRINGS_H 1
| #define HAVE_SYS_MMAN_H 1
| #define HAVE_STRING_H 1
| #define HAVE_PTHREAD_H 1
| #define HAVE_MATH_H 1
| #define HAVE_ERRNO_H 1
| #define HAVE_UNISTD_H 1
| #define HAVE_SYS_TYPES_H 1
| #define HAVE_FCNTL_H 1
| #define HAVE_SYS_IOCTL_H 1
| #define HAVE_SYS_SOCKET_H 1
| #define HAVE_SYS_UN_H 1
| #define HAVE_NETINET_IN_H 1
| #define HAVE_NETINET_TCP_H 1
| #define HAVE_NETDB_H 1
| #define HAVE_ARPA_INET_H 1
| #define HAVE_DIRENT_H 1
| #define HAVE_SYS_STAT_H 1
| #define HAVE_IFADDRS_H 1
| #define HAVE_SYS_VFS_H 1
| #define HAVE_SYS_PARAM_H 1
| #define HAVE_SYS_MOUNT_H 1
| #define HAVE_TIME_H 1
| #define HAVE_SYS_UCONTEXT_H 1
| #define HAVE_SETJMP_H 1
| #define HAVE_SEMAPHORE_H 1
| #define HAVE_SIGNAL_H 1
| #define HAVE_STAT_MTIME 1
| #define NO_INLINE_ATTR __attribute__((noinline))
| #define FORCE_INLINE_ATTR __attribute__((always_inline))
| #define HAVE_X86_PAUSE 1
| #define HAVE_X86_RDTSC 1
| #define HAVE_PTHREAD_PIP 1
| #define HAVE_PTHREAD_PCEP 1
| #define HAVE_INET6 1
| #define HAVE_MAP_ANON 1
| #define HAVE_MAP_ANONYMOUS 1
| #define HAVE_OPENDIR 1
| #define HAVE_READDIR_R 1
| #define HAVE_CLOSEDIR 1
| #define HAVE_IOCTL 1
| #define HAVE_FCNTL 1
| #define HAVE_BIND 1
| #define HAVE_LISTEN 1
| #define HAVE_SHUTDOWN 1
| #define HAVE_SEND 1
| #define HAVE_RECV 1
| #define HAVE_ACCESS 1
| #define HAVE_STAT 1
| #define HAVE_UNLINK 1
| #define HAVE_REALPATH 1
| #define HAVE_MKDIR 1
| #define HAVE_CHMOD 1
| #define HAVE_RENAME 1
| #define HAVE_STATFS 1
| #define HAVE_GETIFADDRS 1
| #define HAVE_FREEIFADDRS 1
| #define HAVE_INET_ATON 1
| #define HAVE_GETHOSTNAME 1
| #define HAVE_RECVFROM 1
| #define HAVE_SENDTO 1
| #define HAVE_SELECT 1
| #define HAVE_SOCKET 1
| #define HAVE_CONNECT 1
| #define HAVE_GETSOCKNAME 1
| #define HAVE_GETPEERNAME 1
| #define HAVE_ACCEPT 1
| #define HAVE_FSYNC 1
| /* end confdefs.h.  */
| /* Define FD_CLR to an innocuous variant, in case <limits.h> declares FD_CLR.
|    For example, HP-UX 11i <limits.h> declares gettimeofday.  */
| #define FD_CLR innocuous_FD_CLR
| 
| /* System header to define __stub macros and hopefully few prototypes,
|     which can conflict with char FD_CLR (); below.
|     Prefer <limits.h> to <assert.h> if __STDC__ is defined, since
|     <limits.h> exists even on freestanding compilers.  */
| 
| #ifdef __STDC__
| # include <limits.h>
| #else
| # include <assert.h>
| #endif
| 
| #undef FD_CLR
| 
| /* Override any GCC internal prototype to avoid an error.
|    Use char because int might match the return type of a GCC
|    builtin and then its argument prototype would still apply.  */
| #ifdef __cplusplus
| extern "C"
| #endif
| char FD_CLR ();
| /* The GNU C library defines this for functions which it implements
|     to always fail with ENOSYS.  Some functions are actually named
|     something starting with __ and the normal name is an alias.  */
| #if defined __stub_FD_CLR || defined __stub___FD_CLR
| choke me
| #endif
| 
| int
| main ()
| {
| return FD_CLR ();
|   ;
|   return 0;
| }
configure:7655: result: no
configure:7655: checking for FD_ISSET
configure:7655: gcc -o conftest  -m64 -march=nocona -m64 -g -O2   -D_REENTRANT -D_GNU_SOURCE    -m64 -march=nocona -m64 conftest.c -lpthread -ldl -lm  >&5
/tmp/cc92LwwQ.o: In function `main':
/home/scottflo/repos/cse605/fivm/target/conftest.c:133: undefined reference to `FD_ISSET'
collect2: error: ld returned 1 exit status
configure:7655: $? = 1
configure: failed program was:
| /* confdefs.h */
| #define PACKAGE_NAME "fivmcrc"
| #define PACKAGE_TARNAME "fivmcrc"
| #define PACKAGE_VERSION "0.9.0"
| #define PACKAGE_STRING "fivmcrc 0.9.0"
| #define PACKAGE_BUGREPORT "elb@fiji-systems.com"
| #define PACKAGE_URL ""
| #define FIVMSYS_JNIPRE "lib"
| #define FIVMSYS_JNISUF ".so"
| #define FIVMSYS_SYS_PTRSIZE 8
| #define HAVE_ICONV 1
| #define HAVE_CLOCK_GETTIME 1
| #define HAVE_WORKING_SEM_INIT 1
| #define STDC_HEADERS 1
| #define HAVE_SYS_TYPES_H 1
| #define HAVE_SYS_STAT_H 1
| #define HAVE_STDLIB_H 1
| #define HAVE_STRING_H 1
| #define HAVE_MEMORY_H 1
| #define HAVE_STRINGS_H 1
| #define HAVE_INTTYPES_H 1
| #define HAVE_STDINT_H 1
| #define HAVE_UNISTD_H 1
| #define HAVE_INTTYPES_H 1
| #define HAVE_STDBOOL_H 1
| #define HAVE_STDLIB_H 1
| #define HAVE_STDIO_H 1
| #define HAVE_STDARG_H 1
| #define HAVE_ALLOCA_H 1
| #define HAVE_STRINGS_H 1
| #define HAVE_SYS_MMAN_H 1
| #define HAVE_STRING_H 1
| #define HAVE_PTHREAD_H 1
| #define HAVE_MATH_H 1
| #define HAVE_ERRNO_H 1
| #define HAVE_UNISTD_H 1
| #define HAVE_SYS_TYPES_H 1
| #define HAVE_FCNTL_H 1
| #define HAVE_SYS_IOCTL_H 1
| #define HAVE_SYS_SOCKET_H 1
| #define HAVE_SYS_UN_H 1
| #define HAVE_NETINET_IN_H 1
| #define HAVE_NETINET_TCP_H 1
| #define HAVE_NETDB_H 1
| #define HAVE_ARPA_INET_H 1
| #define HAVE_DIRENT_H 1
| #define HAVE_SYS_STAT_H 1
| #define HAVE_IFADDRS_H 1
| #define HAVE_SYS_VFS_H 1
| #define HAVE_SYS_PARAM_H 1
| #define HAVE_SYS_MOUNT_H 1
| #define HAVE_TIME_H 1
| #define HAVE_SYS_UCONTEXT_H 1
| #define HAVE_SETJMP_H 1
| #define HAVE_SEMAPHORE_H 1
| #define HAVE_SIGNAL_H 1
| #define HAVE_STAT_MTIME 1
| #define NO_INLINE_ATTR __attribute__((noinline))
| #define FORCE_INLINE_ATTR __attribute__((always_inline))
| #define HAVE_X86_PAUSE 1
| #define HAVE_X86_RDTSC 1
| #define HAVE_PTHREAD_PIP 1
| #define HAVE_PTHREAD_PCEP 1
| #define HAVE_INET6 1
| #define HAVE_MAP_ANON 1
| #define HAVE_MAP_ANONYMOUS 1
| #define HAVE_OPENDIR 1
| #define HAVE_READDIR_R 1
| #define HAVE_CLOSEDIR 1
| #define HAVE_IOCTL 1
| #define HAVE_FCNTL 1
| #define HAVE_BIND 1
| #define HAVE_LISTEN 1
| #define HAVE_SHUTDOWN 1
| #define HAVE_SEND 1
| #define HAVE_RECV 1
| #define HAVE_ACCESS 1
| #define HAVE_STAT 1
| #define HAVE_UNLINK 1
| #define HAVE_REALPATH 1
| #define HAVE_MKDIR 1
| #define HAVE_CHMOD 1
| #define HAVE_RENAME 1
| #define HAVE_STATFS 1
| #define HAVE_GETIFADDRS 1
| #define HAVE_FREEIFADDRS 1
| #define HAVE_INET_ATON 1
| #define HAVE_GETHOSTNAME 1
| #define HAVE_RECVFROM 1
| #define HAVE_SENDTO 1
| #define HAVE_SELECT 1
| #define HAVE_SOCKET 1
| #define HAVE_CONNECT 1
| #define HAVE_GETSOCKNAME 1
| #define HAVE_GETPEERNAME 1
| #define HAVE_ACCEPT 1
| #define HAVE_FSYNC 1
| /* end confdefs.h.  */
| /* Define FD_ISSET to an innocuous variant, in case <limits.h> declares FD_ISSET.
|    For example, HP-UX 11i <limits.h> declares gettimeofday.  */
| #define FD_ISSET innocuous_FD_ISSET
| 
| /* System header to define __stub macros and hopefully few prototypes,
|     which can conflict with char FD_ISSET (); below.
|     Prefer <limits.h> to <assert.h> if __STDC__ is defined, since
|     <limits.h> exists even on freestanding compilers.  */
| 
| #ifdef __STDC__
| # include <limits.h>
| #else
| # include <assert.h>
| #endif
| 
| #undef FD_ISSET
| 
| /* Override any GCC internal prototype to avoid an error.
|    Use char because int might match the return type of a GCC
|    builtin and then its argument prototype would still apply.  */
| #ifdef __cplusplus
| extern "C"
| #endif
| char FD_ISSET ();
| /* The GNU C library defines this for functions which it implements
|     to always fail with ENOSYS.  Some functions are actually named
|     something starting with __ and the normal name is an alias.  */
| #if defined __stub_FD_ISSET || defined __stub___FD_ISSET
| choke me
| #endif
| 
| int
| main ()
| {
| return FD_ISSET ();
|   ;
|   return 0;
| }
configure:7655: result: no
configure:7655: checking for FD_SET
configure:7655: gcc -o conftest  -m64 -march=nocona -m64 -g -O2   -D_REENTRANT -D_GNU_SOURCE    -m64 -march=nocona -m64 conftest.c -lpthread -ldl -lm  >&5
/tmp/cczYo1MQ.o: In function `main':
/home/scottflo/repos/cse605/fivm/target/conftest.c:133: undefined reference to `FD_SET'
collect2: error: ld returned 1 exit status
configure:7655: $? = 1
configure: failed program was:
| /* confdefs.h */
| #define PACKAGE_NAME "fivmcrc"
| #define PACKAGE_TARNAME "fivmcrc"
| #define PACKAGE_VERSION "0.9.0"
| #define PACKAGE_STRING "fivmcrc 0.9.0"
| #define PACKAGE_BUGREPORT "elb@fiji-systems.com"
| #define PACKAGE_URL ""
| #define FIVMSYS_JNIPRE "lib"
| #define FIVMSYS_JNISUF ".so"
| #define FIVMSYS_SYS_PTRSIZE 8
| #define HAVE_ICONV 1
| #define HAVE_CLOCK_GETTIME 1
| #define HAVE_WORKING_SEM_INIT 1
| #define STDC_HEADERS 1
| #define HAVE_SYS_TYPES_H 1
| #define HAVE_SYS_STAT_H 1
| #define HAVE_STDLIB_H 1
| #define HAVE_STRING_H 1
| #define HAVE_MEMORY_H 1
| #define HAVE_STRINGS_H 1
| #define HAVE_INTTYPES_H 1
| #define HAVE_STDINT_H 1
| #define HAVE_UNISTD_H 1
| #define HAVE_INTTYPES_H 1
| #define HAVE_STDBOOL_H 1
| #define HAVE_STDLIB_H 1
| #define HAVE_STDIO_H 1
| #define HAVE_STDARG_H 1
| #define HAVE_ALLOCA_H 1
| #define HAVE_STRINGS_H 1
| #define HAVE_SYS_MMAN_H 1
| #define HAVE_STRING_H 1
| #define HAVE_PTHREAD_H 1
| #define HAVE_MATH_H 1
| #define HAVE_ERRNO_H 1
| #define HAVE_UNISTD_H 1
| #define HAVE_SYS_TYPES_H 1
| #define HAVE_FCNTL_H 1
| #define HAVE_SYS_IOCTL_H 1
| #define HAVE_SYS_SOCKET_H 1
| #define HAVE_SYS_UN_H 1
| #define HAVE_NETINET_IN_H 1
| #define HAVE_NETINET_TCP_H 1
| #define HAVE_NETDB_H 1
| #define HAVE_ARPA_INET_H 1
| #define HAVE_DIRENT_H 1
| #define HAVE_SYS_STAT_H 1
| #define HAVE_IFADDRS_H 1
| #define HAVE_SYS_VFS_H 1
| #define HAVE_SYS_PARAM_H 1
| #define HAVE_SYS_MOUNT_H 1
| #define HAVE_TIME_H 1
| #define HAVE_SYS_UCONTEXT_H 1
| #define HAVE_SETJMP_H 1
| #define HAVE_SEMAPHORE_H 1
| #define HAVE_SIGNAL_H 1
| #define HAVE_STAT_MTIME 1
| #define NO_INLINE_ATTR __attribute__((noinline))
| #define FORCE_INLINE_ATTR __attribute__((always_inline))
| #define HAVE_X86_PAUSE 1
| #define HAVE_X86_RDTSC 1
| #define HAVE_PTHREAD_PIP 1
| #define HAVE_PTHREAD_PCEP 1
| #define HAVE_INET6 1
| #define HAVE_MAP_ANON 1
| #define HAVE_MAP_ANONYMOUS 1
| #define HAVE_OPENDIR 1
| #define HAVE_READDIR_R 1
| #define HAVE_CLOSEDIR 1
| #define HAVE_IOCTL 1
| #define HAVE_FCNTL 1
| #define HAVE_BIND 1
| #define HAVE_LISTEN 1
| #define HAVE_SHUTDOWN 1
| #define HAVE_SEND 1
| #define HAVE_RECV 1
| #define HAVE_ACCESS 1
| #define HAVE_STAT 1
| #define HAVE_UNLINK 1
| #define HAVE_REALPATH 1
| #define HAVE_MKDIR 1
| #define HAVE_CHMOD 1
| #define HAVE_RENAME 1
| #define HAVE_STATFS 1
| #define HAVE_GETIFADDRS 1
| #define HAVE_FREEIFADDRS 1
| #define HAVE_INET_ATON 1
| #define HAVE_GETHOSTNAME 1
| #define HAVE_RECVFROM 1
| #define HAVE_SENDTO 1
| #define HAVE_SELECT 1
| #define HAVE_SOCKET 1
| #define HAVE_CONNECT 1
| #define HAVE_GETSOCKNAME 1
| #define HAVE_GETPEERNAME 1
| #define HAVE_ACCEPT 1
| #define HAVE_FSYNC 1
| /* end confdefs.h.  */
| /* Define FD_SET to an innocuous variant, in case <limits.h> declares FD_SET.
|    For example, HP-UX 11i <limits.h> declares gettimeofday.  */
| #define FD_SET innocuous_FD_SET
| 
| /* System header to define __stub macros and hopefully few prototypes,
|     which can conflict with char FD_SET (); below.
|     Prefer <limits.h> to <assert.h> if __STDC__ is defined, since
|     <limits.h> exists even on freestanding compilers.  */
| 
| #ifdef __STDC__
| # include <limits.h>
| #else
| # include <assert.h>
| #endif
| 
| #undef FD_SET
| 
| /* Override any GCC internal prototype to avoid an error.
|    Use char because int might match the return type of a GCC
|    builtin and then its argument prototype would still apply.  */
| #ifdef __cplusplus
| extern "C"
| #endif
| char FD_SET ();
| /* The GNU C library defines this for functions which it implements
|     to always fail with ENOSYS.  Some functions are actually named
|     something starting with __ and the normal name is an alias.  */
| #if defined __stub_FD_SET || defined __stub___FD_SET
| choke me
| #endif
| 
| int
| main ()
| {
| return FD_SET ();
|   ;
|   return 0;
| }
configure:7655: result: no
configure:7655: checking for FD_ZERO
configure:7655: gcc -o conftest  -m64 -march=nocona -m64 -g -O2   -D_REENTRANT -D_GNU_SOURCE    -m64 -march=nocona -m64 conftest.c -lpthread -ldl -lm  >&5
/tmp/ccWHivVX.o: In function `main':
/home/scottflo/repos/cse605/fivm/target/conftest.c:133: undefined reference to `FD_ZERO'
collect2: error: ld returned 1 exit status
configure:7655: $? = 1
configure: failed program was:
| /* confdefs.h */
| #define PACKAGE_NAME "fivmcrc"
| #define PACKAGE_TARNAME "fivmcrc"
| #define PACKAGE_VERSION "0.9.0"
| #define PACKAGE_STRING "fivmcrc 0.9.0"
| #define PACKAGE_BUGREPORT "elb@fiji-systems.com"
| #define PACKAGE_URL ""
| #define FIVMSYS_JNIPRE "lib"
| #define FIVMSYS_JNISUF ".so"
| #define FIVMSYS_SYS_PTRSIZE 8
| #define HAVE_ICONV 1
| #define HAVE_CLOCK_GETTIME 1
| #define HAVE_WORKING_SEM_INIT 1
| #define STDC_HEADERS 1
| #define HAVE_SYS_TYPES_H 1
| #define HAVE_SYS_STAT_H 1
| #define HAVE_STDLIB_H 1
| #define HAVE_STRING_H 1
| #define HAVE_MEMORY_H 1
| #define HAVE_STRINGS_H 1
| #define HAVE_INTTYPES_H 1
| #define HAVE_STDINT_H 1
| #define HAVE_UNISTD_H 1
| #define HAVE_INTTYPES_H 1
| #define HAVE_STDBOOL_H 1
| #define HAVE_STDLIB_H 1
| #define HAVE_STDIO_H 1
| #define HAVE_STDARG_H 1
| #define HAVE_ALLOCA_H 1
| #define HAVE_STRINGS_H 1
| #define HAVE_SYS_MMAN_H 1
| #define HAVE_STRING_H 1
| #define HAVE_PTHREAD_H 1
| #define HAVE_MATH_H 1
| #define HAVE_ERRNO_H 1
| #define HAVE_UNISTD_H 1
| #define HAVE_SYS_TYPES_H 1
| #define HAVE_FCNTL_H 1
| #define HAVE_SYS_IOCTL_H 1
| #define HAVE_SYS_SOCKET_H 1
| #define HAVE_SYS_UN_H 1
| #define HAVE_NETINET_IN_H 1
| #define HAVE_NETINET_TCP_H 1
| #define HAVE_NETDB_H 1
| #define HAVE_ARPA_INET_H 1
| #define HAVE_DIRENT_H 1
| #define HAVE_SYS_STAT_H 1
| #define HAVE_IFADDRS_H 1
| #define HAVE_SYS_VFS_H 1
| #define HAVE_SYS_PARAM_H 1
| #define HAVE_SYS_MOUNT_H 1
| #define HAVE_TIME_H 1
| #define HAVE_SYS_UCONTEXT_H 1
| #define HAVE_SETJMP_H 1
| #define HAVE_SEMAPHORE_H 1
| #define HAVE_SIGNAL_H 1
| #define HAVE_STAT_MTIME 1
| #define NO_INLINE_ATTR __attribute__((noinline))
| #define FORCE_INLINE_ATTR __attribute__((always_inline))
| #define HAVE_X86_PAUSE 1
| #define HAVE_X86_RDTSC 1
| #define HAVE_PTHREAD_PIP 1
| #define HAVE_PTHREAD_PCEP 1
| #define HAVE_INET6 1
| #define HAVE_MAP_ANON 1
| #define HAVE_MAP_ANONYMOUS 1
| #define HAVE_OPENDIR 1
| #define HAVE_READDIR_R 1
| #define HAVE_CLOSEDIR 1
| #define HAVE_IOCTL 1
| #define HAVE_FCNTL 1
| #define HAVE_BIND 1
| #define HAVE_LISTEN 1
| #define HAVE_SHUTDOWN 1
| #define HAVE_SEND 1
| #define HAVE_RECV 1
| #define HAVE_ACCESS 1
| #define HAVE_STAT 1
| #define HAVE_UNLINK 1
| #define HAVE_REALPATH 1
| #define HAVE_MKDIR 1
| #define HAVE_CHMOD 1
| #define HAVE_RENAME 1
| #define HAVE_STATFS 1
| #define HAVE_GETIFADDRS 1
| #define HAVE_FREEIFADDRS 1
| #define HAVE_INET_ATON 1
| #define HAVE_GETHOSTNAME 1
| #define HAVE_RECVFROM 1
| #define HAVE_SENDTO 1
| #define HAVE_SELECT 1
| #define HAVE_SOCKET 1
| #define HAVE_CONNECT 1
| #define HAVE_GETSOCKNAME 1
| #define HAVE_GETPEERNAME 1
| #define HAVE_ACCEPT 1
| #define HAVE_FSYNC 1
| /* end confdefs.h.  */
| /* Define FD_ZERO to an innocuous variant, in case <limits.h> declares FD_ZERO.
|    For example, HP-UX 11i <limits.h> declares gettimeofday.  */
| #define FD_ZERO innocuous_FD_ZERO
| 
| /* System header to define __stub macros and hopefully few prototypes,
|     which can conflict with char FD_ZERO (); below.
|     Prefer <limits.h> to <assert.h> if __STDC__ is defined, since
|     <limits.h> exists even on freestanding compilers.  */
| 
| #ifdef __STDC__
| # include <limits.h>
| #else
| # include <assert.h>
| #endif
| 
| #undef FD_ZERO
| 
| /* Override any GCC internal prototype to avoid an error.
|    Use char because int might match the return type of a GCC
|    builtin and then its argument prototype would still apply.  */
| #ifdef __cplusplus
| extern "C"
| #endif
| char FD_ZERO ();
| /* The GNU C library defines this for functions which it implements
|     to always fail with ENOSYS.  Some functions are actually named
|     something starting with __ and the normal name is an alias.  */
| #if defined __stub_FD_ZERO || defined __stub___FD_ZERO
| choke me
| #endif
| 
| int
| main ()
| {
| return FD_ZERO ();
|   ;
|   return 0;
| }
configure:7655: result: no
configure:7667: checking for get_nprocs
configure:7667: gcc -o conftest  -m64 -march=nocona -m64 -g -O2   -D_REENTRANT -D_GNU_SOURCE    -m64 -march=nocona -m64 conftest.c -lpthread -ldl -lm  >&5
configure:7667: $? = 0
configure:7667: result: yes
configure:7667: checking for getcwd
configure:7667: gcc -o conftest  -m64 -march=nocona -m64 -g -O2   -D_REENTRANT -D_GNU_SOURCE    -m64 -march=nocona -m64 conftest.c -lpthread -ldl -lm  >&5
configure:7667: $? = 0
configure:7667: result: yes
configure:7667: checking for setvbuf
configure:7667: gcc -o conftest  -m64 -march=nocona -m64 -g -O2   -D_REENTRANT -D_GNU_SOURCE    -m64 -march=nocona -m64 conftest.c -lpthread -ldl -lm  >&5
configure:7667: $? = 0
configure:7667: result: yes
configure:7667: checking for sigaction
configure:7667: gcc -o conftest  -m64 -march=nocona -m64 -g -O2   -D_REENTRANT -D_GNU_SOURCE    -m64 -march=nocona -m64 conftest.c -lpthread -ldl -lm  >&5
configure:7667: $? = 0
configure:7667: result: yes
configure:7679: checking for gethostbyname
configure:7679: gcc -o conftest  -m64 -march=nocona -m64 -g -O2   -D_REENTRANT -D_GNU_SOURCE    -m64 -march=nocona -m64 conftest.c -lpthread -ldl -lm  >&5
configure:7679: $? = 0
configure:7679: result: yes
configure:7679: checking for gethostbyaddr
configure:7679: gcc -o conftest  -m64 -march=nocona -m64 -g -O2   -D_REENTRANT -D_GNU_SOURCE    -m64 -march=nocona -m64 conftest.c -lpthread -ldl -lm  >&5
configure:7679: $? = 0
configure:7679: result: yes
configure:7691: checking for getsockopt
configure:7691: gcc -o conftest  -m64 -march=nocona -m64 -g -O2   -D_REENTRANT -D_GNU_SOURCE    -m64 -march=nocona -m64 conftest.c -lpthread -ldl -lm  >&5
configure:7691: $? = 0
configure:7691: result: yes
configure:7691: checking for setsockopt
configure:7691: gcc -o conftest  -m64 -march=nocona -m64 -g -O2   -D_REENTRANT -D_GNU_SOURCE    -m64 -march=nocona -m64 conftest.c -lpthread -ldl -lm  >&5
configure:7691: $? = 0
configure:7691: result: yes
configure:7691: checking for setjmp
configure:7691: gcc -o conftest  -m64 -march=nocona -m64 -g -O2   -D_REENTRANT -D_GNU_SOURCE    -m64 -march=nocona -m64 conftest.c -lpthread -ldl -lm  >&5
configure:7691: $? = 0
configure:7691: result: yes
configure:7691: checking for longjmp
configure:7691: gcc -o conftest  -m64 -march=nocona -m64 -g -O2   -D_REENTRANT -D_GNU_SOURCE    -m64 -march=nocona -m64 conftest.c -lpthread -ldl -lm  >&5
configure:7691: $? = 0
configure:7691: result: yes
configure:7705: checking for sched_setscheduler
configure:7705: gcc -o conftest  -m64 -march=nocona -m64 -g -O2   -D_REENTRANT -D_GNU_SOURCE    -m64 -march=nocona -m64 conftest.c -lpthread -ldl -lm  >&5
configure:7705: $? = 0
configure:7705: result: yes
configure:7705: checking for sched_get_priority_min
configure:7705: gcc -o conftest  -m64 -march=nocona -m64 -g -O2   -D_REENTRANT -D_GNU_SOURCE    -m64 -march=nocona -m64 conftest.c -lpthread -ldl -lm  >&5
configure:7705: $? = 0
configure:7705: result: yes
configure:7705: checking for sched_get_priority_max
configure:7705: gcc -o conftest  -m64 -march=nocona -m64 -g -O2   -D_REENTRANT -D_GNU_SOURCE    -m64 -march=nocona -m64 conftest.c -lpthread -ldl -lm  >&5
configure:7705: $? = 0
configure:7705: result: yes
configure:7716: checking for pthread_attr_setinheritsched
configure:7716: gcc -o conftest  -m64 -march=nocona -m64 -g -O2   -D_REENTRANT -D_GNU_SOURCE    -m64 -march=nocona -m64 conftest.c -lpthread -ldl -lm  >&5
configure:7716: $? = 0
configure:7716: result: yes
configure:7727: checking for pthread_setaffinity_np
configure:7727: gcc -o conftest  -m64 -march=nocona -m64 -g -O2   -D_REENTRANT -D_GNU_SOURCE    -m64 -march=nocona -m64 conftest.c -lpthread -ldl -lm  >&5
configure:7727: $? = 0
configure:7727: result: yes
configure:7739: checking for pthread_mutexattr_setprotocol
configure:7739: gcc -o conftest  -m64 -march=nocona -m64 -g -O2   -D_REENTRANT -D_GNU_SOURCE    -m64 -march=nocona -m64 conftest.c -lpthread -ldl -lm  >&5
configure:7739: $? = 0
configure:7739: result: yes
configure:7739: checking for pthread_mutexattr_setprioceiling
configure:7739: gcc -o conftest  -m64 -march=nocona -m64 -g -O2   -D_REENTRANT -D_GNU_SOURCE    -m64 -march=nocona -m64 conftest.c -lpthread -ldl -lm  >&5
configure:7739: $? = 0
configure:7739: result: yes
configure:7751: checking for sem_init
configure:7751: gcc -o conftest  -m64 -march=nocona -m64 -g -O2   -D_REENTRANT -D_GNU_SOURCE    -m64 -march=nocona -m64 conftest.c -lpthread -ldl -lm  >&5
configure:7751: $? = 0
configure:7751: result: yes
configure:7751: checking for sem_post
configure:7751: gcc -o conftest  -m64 -march=nocona -m64 -g -O2   -D_REENTRANT -D_GNU_SOURCE    -m64 -march=nocona -m64 conftest.c -lpthread -ldl -lm  >&5
configure:7751: $? = 0
configure:7751: result: yes
configure:7751: checking for sem_wait
configure:7751: gcc -o conftest  -m64 -march=nocona -m64 -g -O2   -D_REENTRANT -D_GNU_SOURCE    -m64 -march=nocona -m64 conftest.c -lpthread -ldl -lm  >&5
configure:7751: $? = 0
configure:7751: result: yes
configure:7751: checking for sem_destroy
configure:7751: gcc -o conftest  -m64 -march=nocona -m64 -g -O2   -D_REENTRANT -D_GNU_SOURCE    -m64 -march=nocona -m64 conftest.c -lpthread -ldl -lm  >&5
configure:7751: $? = 0
configure:7751: result: yes
configure:7762: checking for clock_gettime
configure:7762: gcc -o conftest  -m64 -march=nocona -m64 -g -O2   -D_REENTRANT -D_GNU_SOURCE    -m64 -march=nocona -m64 conftest.c -lpthread -ldl -lm  >&5
configure:7762: $? = 0
configure:7762: result: yes
configure:7773: checking if assembler requires underscores
configure:7782: result: no
configure:7792: checking size of void *
configure:7797: gcc -o conftest  -m64 -march=nocona -m64 -g -O2   -D_REENTRANT -D_GNU_SOURCE    -m64 -march=nocona -m64 conftest.c -lpthread -ldl -lm  >&5
configure:7797: $? = 0
configure:7797: ./conftest
configure:7797: $? = 0
configure:7811: result: 8
configure:7825: checking size of size_t
configure:7830: gcc -o conftest  -m64 -march=nocona -m64 -g -O2   -D_REENTRANT -D_GNU_SOURCE    -m64 -march=nocona -m64 conftest.c -lpthread -ldl -lm  >&5
configure:7830: $? = 0
configure:7830: ./conftest
configure:7830: $? = 0
configure:7844: result: 8
configure:7858: checking size of off_t
configure:7863: gcc -o conftest  -m64 -march=nocona -m64 -g -O2   -D_REENTRANT -D_GNU_SOURCE    -m64 -march=nocona -m64 conftest.c -lpthread -ldl -lm  >&5
configure:7863: $? = 0
configure:7863: ./conftest
configure:7863: $? = 0
configure:7877: result: 8
configure:7891: checking size of char
configure:7896: gcc -o conftest  -m64 -march=nocona -m64 -g -O2   -D_REENTRANT -D_GNU_SOURCE    -m64 -march=nocona -m64 conftest.c -lpthread -ldl -lm  >&5
configure:7896: $? = 0
configure:7896: ./conftest
configure:7896: $? = 0
configure:7910: result: 1
configure:7924: checking size of short
configure:7929: gcc -o conftest  -m64 -march=nocona -m64 -g -O2   -D_REENTRANT -D_GNU_SOURCE    -m64 -march=nocona -m64 conftest.c -lpthread -ldl -lm  >&5
configure:7929: $? = 0
configure:7929: ./conftest
configure:7929: $? = 0
configure:7943: result: 2
configure:7957: checking size of int
configure:7962: gcc -o conftest  -m64 -march=nocona -m64 -g -O2   -D_REENTRANT -D_GNU_SOURCE    -m64 -march=nocona -m64 conftest.c -lpthread -ldl -lm  >&5
configure:7962: $? = 0
configure:7962: ./conftest
configure:7962: $? = 0
configure:7976: result: 4
configure:7990: checking size of long
configure:7995: gcc -o conftest  -m64 -march=nocona -m64 -g -O2   -D_REENTRANT -D_GNU_SOURCE    -m64 -march=nocona -m64 conftest.c -lpthread -ldl -lm  >&5
configure:7995: $? = 0
configure:7995: ./conftest
configure:7995: $? = 0
configure:8009: result: 8
configure:8023: checking size of float
configure:8028: gcc -o conftest  -m64 -march=nocona -m64 -g -O2   -D_REENTRANT -D_GNU_SOURCE    -m64 -march=nocona -m64 conftest.c -lpthread -ldl -lm  >&5
configure:8028: $? = 0
configure:8028: ./conftest
configure:8028: $? = 0
configure:8042: result: 4
configure:8056: checking size of double
configure:8061: gcc -o conftest  -m64 -march=nocona -m64 -g -O2   -D_REENTRANT -D_GNU_SOURCE    -m64 -march=nocona -m64 conftest.c -lpthread -ldl -lm  >&5
configure:8061: $? = 0
configure:8061: ./conftest
configure:8061: $? = 0
configure:8075: result: 8
configure:8089: checking size of long long
configure:8094: gcc -o conftest  -m64 -march=nocona -m64 -g -O2   -D_REENTRANT -D_GNU_SOURCE    -m64 -march=nocona -m64 conftest.c -lpthread -ldl -lm  >&5
configure:8094: $? = 0
configure:8094: ./conftest
configure:8094: $? = 0
configure:8108: result: 8
configure:8122: checking size of long double
configure:8127: gcc -o conftest  -m64 -march=nocona -m64 -g -O2   -D_REENTRANT -D_GNU_SOURCE    -m64 -march=nocona -m64 conftest.c -lpthread -ldl -lm  >&5
configure:8127: $? = 0
configure:8127: ./conftest
configure:8127: $? = 0
configure:8141: result: 16
configure:8272: creating ./config.status

## ---------------------- ##
## Running config.status. ##
## ---------------------- ##

This file was extended by fivmcrc config.status 0.9.0, which was
generated by GNU Autoconf 2.69.  Invocation command line was

  CONFIG_FILES    = 
  CONFIG_HEADERS  = 
  CONFIG_LINKS    = 
  CONFIG_COMMANDS = 
  $ ./config.status 

on sflub

config.status:957: creating fivmcrc
config.status:957: creating Rules
config.status:957: creating fivmc_def_config.h
config.status:957: creating fivmr_asm_defs.h
config.status:957: creating debug/Makefile
config.status:957: creating debug/fivmc_tag_dep_config.h
config.status:957: creating opt/Makefile
config.status:957: creating opt/fivmc_tag_dep_config.h
config.status:957: creating small/Makefile
config.status:957: creating small/fivmc_tag_dep_config.h
config.status:957: creating target-results.conf
config.status:957: creating fivmr_target.h

## ---------------- ##
## Cache variables. ##
## ---------------- ##

ac_cv_build=x86_64-unknown-linux-gnu
ac_cv_c_bigendian=no
ac_cv_c_compiler_gnu=yes
ac_cv_c_const=yes
ac_cv_c_inline=inline
ac_cv_c_volatile=yes
ac_cv_env_CC_set=
ac_cv_env_CC_value=
ac_cv_env_CFLAGS_set=
ac_cv_env_CFLAGS_value=
ac_cv_env_CPPFLAGS_set=
ac_cv_env_CPPFLAGS_value=
ac_cv_env_CPP_set=
ac_cv_env_CPP_value=
ac_cv_env_LDFLAGS_set=
ac_cv_env_LDFLAGS_value=
ac_cv_env_LIBS_set=
ac_cv_env_LIBS_value=
ac_cv_env_build_alias_set=
ac_cv_env_build_alias_value=
ac_cv_env_host_alias_set=
ac_cv_env_host_alias_value=
ac_cv_env_target_alias_set=
ac_cv_env_target_alias_value=
ac_cv_func_FD_CLR=no
ac_cv_func_FD_ISSET=no
ac_cv_func_FD_SET=no
ac_cv_func_FD_ZERO=no
ac_cv_func_accept=yes
ac_cv_func_access=yes
ac_cv_func_bind=yes
ac_cv_func_chmod=yes
ac_cv_func_clock_gettime=yes
ac_cv_func_closedir=yes
ac_cv_func_connect=yes
ac_cv_func_fcntl=yes
ac_cv_func_freeifaddrs=yes
ac_cv_func_fsync=yes
ac_cv_func_get_nprocs=yes
ac_cv_func_getcwd=yes
ac_cv_func_gethostbyaddr=yes
ac_cv_func_gethostbyname=yes
ac_cv_func_gethostname=yes
ac_cv_func_getifaddrs=yes
ac_cv_func_getpeername=yes
ac_cv_func_getsockname=yes
ac_cv_func_getsockopt=yes
ac_cv_func_inet_aton=yes
ac_cv_func_ioctl=yes
ac_cv_func_listen=yes
ac_cv_func_longjmp=yes
ac_cv_func_mkdir=yes
ac_cv_func_opendir=yes
ac_cv_func_pthread_attr_setinheritsched=yes
ac_cv_func_pthread_mutexattr_setprioceiling=yes
ac_cv_func_pthread_mutexattr_setprotocol=yes
ac_cv_func_pthread_setaffinity_np=yes
ac_cv_func_readdir_r=yes
ac_cv_func_realpath=yes
ac_cv_func_recv=yes
ac_cv_func_recvfrom=yes
ac_cv_func_rename=yes
ac_cv_func_sched_get_priority_max=yes
ac_cv_func_sched_get_priority_min=yes
ac_cv_func_sched_setscheduler=yes
ac_cv_func_select=yes
ac_cv_func_sem_destroy=yes
ac_cv_func_sem_init=yes
ac_cv_func_sem_post=yes
ac_cv_func_sem_wait=yes
ac_cv_func_send=yes
ac_cv_func_sendto=yes
ac_cv_func_setjmp=yes
ac_cv_func_setsockopt=yes
ac_cv_func_setvbuf=yes
ac_cv_func_shutdown=yes
ac_cv_func_sigaction=yes
ac_cv_func_socket=yes
ac_cv_func_stat=yes
ac_cv_func_statfs=yes
ac_cv_func_unlink=yes
ac_cv_header_alloca_h=yes
ac_cv_header_arpa_inet_h=yes
ac_cv_header_dirent_h=yes
ac_cv_header_errno_h=yes
ac_cv_header_fcntl_h=yes
ac_cv_header_ifaddrs_h=yes
ac_cv_header_inttypes_h=yes
ac_cv_header_math_h=yes
ac_cv_header_memory_h=yes
ac_cv_header_netdb_h=yes
ac_cv_header_netinet_in_h=yes
ac_cv_header_netinet_tcp_h=yes
ac_cv_header_pthread_h=yes
ac_cv_header_semaphore_h=yes
ac_cv_header_setjmp_h=yes
ac_cv_header_signal_h=yes
ac_cv_header_stdarg_h=yes
ac_cv_header_stdbool_h=yes
ac_cv_header_stdc=yes
ac_cv_header_stdint_h=yes
ac_cv_header_stdio_h=yes
ac_cv_header_stdlib_h=yes
ac_cv_header_string_h=yes
ac_cv_header_strings_h=yes
ac_cv_header_sys_ioctl_h=yes
ac_cv_header_sys_mman_h=yes
ac_cv_header_sys_mount_h=yes
ac_cv_header_sys_param_h=yes
ac_cv_header_sys_socket_h=yes
ac_cv_header_sys_stat_h=yes
ac_cv_header_sys_types_h=yes
ac_cv_header_sys_ucontext_h=yes
ac_cv_header_sys_un_h=yes
ac_cv_header_sys_vfs_h=yes
ac_cv_header_time_h=yes
ac_cv_header_unistd_h=yes
ac_cv_host=x86_64-unknown-linux-gnu
ac_cv_objext=o
ac_cv_path_EGREP='/bin/grep -E'
ac_cv_path_GREP=/bin/grep
ac_cv_prog_CPP='gcc -E'
ac_cv_prog_JAVA=java
ac_cv_prog_ac_ct_CC=gcc
ac_cv_prog_ac_ct_RANLIB=ranlib
ac_cv_prog_cc_c89=
ac_cv_prog_cc_g=yes
ac_cv_search_clock_gettime='none required'
ac_cv_search_dlopen=-ldl
ac_cv_search_floor=-lm
ac_cv_search_iconv='none required'
ac_cv_search_pthread_create=-lpthread
ac_cv_search_sem_init='none required'
ac_cv_sizeof_char=1
ac_cv_sizeof_double=8
ac_cv_sizeof_float=4
ac_cv_sizeof_int=4
ac_cv_sizeof_long=8
ac_cv_sizeof_long_double=16
ac_cv_sizeof_long_long=8
ac_cv_sizeof_off_t=8
ac_cv_sizeof_short=2
ac_cv_sizeof_size_t=8
ac_cv_sizeof_void_p=8
ac_cv_sys_file_offset_bits=no
ac_cv_sys_largefile_CC=no

## ----------------- ##
## Output variables. ##
## ----------------- ##

ARCH='x86_64'
ARCHCFLAGS=' -m64 -march=nocona -m64'
ASM_UNDERSCORE='0'
BACKENDARCH='NONE'
CC='gcc'
CFLAGS=' -m64 -march=nocona -m64 -g -O2'
CPP='gcc -E'
CPPFLAGS='  -D_REENTRANT -D_GNU_SOURCE'
DEBUGCFLAGS=' -g'
DEFS='-DHAVE_CONFIG_H'
ECHO_C=''
ECHO_N='-n'
ECHO_T=''
EGREP='/bin/grep -E'
ENDIANNESS='LITTLE'
EXEEXT=''
FINALIZERS='--g-finalization yes'
GNUHOST='x86_64-unknown-linux-gnu'
GREP='/bin/grep'
GSELFMANMEM=''
JAVA='java'
JNIPREFIX='lib'
JNISUFFIX='.so'
LDFLAGS='   -m64 -march=nocona -m64'
LIBOBJS=''
LIBS='-lpthread -ldl -lm '
LOGPAGESIZE='12'
LTLIBOBJS=''
NODYNLOADING=''
NOINLINEATTR='__attribute__((noinline))'
NOWARNCFLAGS=' -w'
OBJEXT='o'
OPTCFLAGS=' -Wno-unused-command-line-argument -O3 -fno-strict-aliasing -fno-optimize-sibling-calls -fomit-frame-pointer -falign-loops -fwrapv -momit-leaf-frame-pointer -msse2 -mfpmath=sse -fno-pic'
OS='linux-gnu'
OSFLAVOR='POSIX'
OSTARGETS='$(POSIXTARGS)'
PACKAGE_BUGREPORT='elb@fiji-systems.com'
PACKAGE_NAME='fivmcrc'
PACKAGE_STRING='fivmcrc 0.9.0'
PACKAGE_TARNAME='fivmcrc'
PACKAGE_URL=''
PACKAGE_VERSION='0.9.0'
PATH_SEPARATOR=':'
PLATFORMTARGETS=''
PTRSIZE='8'
RANLIB='ranlib'
SHELL='/bin/bash'
SIZECFLAGS=' -Os'
SYNCTYPE='gcc-intrinsic'
SYNCTYPEMAC='GCC_INTRINSIC'
TARGET='x86_64-unknown-linux-gnu'
WARNCFLAGS=' -W -Werror -Wno-unused-parameter'
ac_ct_CC='gcc'
bindir='${exec_prefix}/bin'
build='x86_64-unknown-linux-gnu'
build_alias=''
build_cpu='x86_64'
build_os='linux-gnu'
build_vendor='unknown'
datadir='${datarootdir}'
datarootdir='${prefix}/share'
docdir='${datarootdir}/doc/${PACKAGE_TARNAME}'
dvidir='${docdir}'
exec_prefix='${prefix}'
host='x86_64-unknown-linux-gnu'
host_alias=''
host_cpu='x86_64'
host_os='linux'
host_vendor='unknown'
htmldir='${docdir}'
includedir='${prefix}/include'
infodir='${datarootdir}/info'
libdir='${exec_prefix}/lib'
libexecdir='${exec_prefix}/libexec'
localedir='${datarootdir}/locale'
localstatedir='${prefix}/var'
mandir='${datarootdir}/man'
oldincludedir='/usr/include'
pdfdir='${docdir}'
prefix='/usr/local'
program_transform_name='s,x,x,'
psdir='${docdir}'
sbindir='${exec_prefix}/sbin'
sharedstatedir='${prefix}/com'
sysconfdir='${prefix}/etc'
target_alias=''

## ----------- ##
## confdefs.h. ##
## ----------- ##

/* confdefs.h */
#define PACKAGE_NAME "fivmcrc"
#define PACKAGE_TARNAME "fivmcrc"
#define PACKAGE_VERSION "0.9.0"
#define PACKAGE_STRING "fivmcrc 0.9.0"
#define PACKAGE_BUGREPORT "elb@fiji-systems.com"
#define PACKAGE_URL ""
#define FIVMSYS_JNIPRE "lib"
#define FIVMSYS_JNISUF ".so"
#define FIVMSYS_SYS_PTRSIZE 8
#define HAVE_ICONV 1
#define HAVE_CLOCK_GETTIME 1
#define HAVE_WORKING_SEM_INIT 1
#define STDC_HEADERS 1
#define HAVE_SYS_TYPES_H 1
#define HAVE_SYS_STAT_H 1
#define HAVE_STDLIB_H 1
#define HAVE_STRING_H 1
#define HAVE_MEMORY_H 1
#define HAVE_STRINGS_H 1
#define HAVE_INTTYPES_H 1
#define HAVE_STDINT_H 1
#define HAVE_UNISTD_H 1
#define HAVE_INTTYPES_H 1
#define HAVE_STDBOOL_H 1
#define HAVE_STDLIB_H 1
#define HAVE_STDIO_H 1
#define HAVE_STDARG_H 1
#define HAVE_ALLOCA_H 1
#define HAVE_STRINGS_H 1
#define HAVE_SYS_MMAN_H 1
#define HAVE_STRING_H 1
#define HAVE_PTHREAD_H 1
#define HAVE_MATH_H 1
#define HAVE_ERRNO_H 1
#define HAVE_UNISTD_H 1
#define HAVE_SYS_TYPES_H 1
#define HAVE_FCNTL_H 1
#define HAVE_SYS_IOCTL_H 1
#define HAVE_SYS_SOCKET_H 1
#define HAVE_SYS_UN_H 1
#define HAVE_NETINET_IN_H 1
#define HAVE_NETINET_TCP_H 1
#define HAVE_NETDB_H 1
#define HAVE_ARPA_INET_H 1
#define HAVE_DIRENT_H 1
#define HAVE_SYS_STAT_H 1
#define HAVE_IFADDRS_H 1
#define HAVE_SYS_VFS_H 1
#define HAVE_SYS_PARAM_H 1
#define HAVE_SYS_MOUNT_H 1
#define HAVE_TIME_H 1
#define HAVE_SYS_UCONTEXT_H 1
#define HAVE_SETJMP_H 1
#define HAVE_SEMAPHORE_H 1
#define HAVE_SIGNAL_H 1
#define HAVE_STAT_MTIME 1
#define NO_INLINE_ATTR __attribute__((noinline))
#define FORCE_INLINE_ATTR __attribute__((always_inline))
#define HAVE_X86_PAUSE 1
#define HAVE_X86_RDTSC 1
#define HAVE_PTHREAD_PIP 1
#define HAVE_PTHREAD_PCEP 1
#define HAVE_INET6 1
#define HAVE_MAP_ANON 1
#define HAVE_MAP_ANONYMOUS 1
#define HAVE_OPENDIR 1
#define HAVE_READDIR_R 1
#define HAVE_CLOSEDIR 1
#define HAVE_IOCTL 1
#define HAVE_FCNTL 1
#define HAVE_BIND 1
#define HAVE_LISTEN 1
#define HAVE_SHUTDOWN 1
#define HAVE_SEND 1
#define HAVE_RECV 1
#define HAVE_ACCESS 1
#define HAVE_STAT 1
#define HAVE_UNLINK 1
#define HAVE_REALPATH 1
#define HAVE_MKDIR 1
#define HAVE_CHMOD 1
#define HAVE_RENAME 1
#define HAVE_STATFS 1
#define HAVE_GETIFADDRS 1
#define HAVE_FREEIFADDRS 1
#define HAVE_INET_ATON 1
#define HAVE_GETHOSTNAME 1
#define HAVE_RECVFROM 1
#define HAVE_SENDTO 1
#define HAVE_SELECT 1
#define HAVE_SOCKET 1
#define HAVE_CONNECT 1
#define HAVE_GETSOCKNAME 1
#define HAVE_GETPEERNAME 1
#define HAVE_ACCEPT 1
#define HAVE_FSYNC 1
#define HAVE_GET_NPROCS 1
#define HAVE_GETCWD 1
#define HAVE_SETVBUF 1
#define HAVE_SIGACTION 1
#define HAVE_GETHOSTBYNAME 1
#define HAVE_GETHOSTBYADDR 1
#define HAVE_GETSOCKOPT 1
#define HAVE_SETSOCKOPT 1
#define HAVE_SETJMP 1
#define HAVE_LONGJMP 1
#define HAVE_SCHED_SETSCHEDULER 1
#define HAVE_SCHED_GET_PRIORITY_MIN 1
#define HAVE_SCHED_GET_PRIORITY_MAX 1
#define HAVE_PTHREAD_ATTR_SETINHERITSCHED 1
#define HAVE_PTHREAD_SETAFFINITY_NP 1
#define HAVE_PTHREAD_MUTEXATTR_SETPROTOCOL 1
#define HAVE_PTHREAD_MUTEXATTR_SETPRIOCEILING 1
#define HAVE_SEM_INIT 1
#define HAVE_SEM_POST 1
#define HAVE_SEM_WAIT 1
#define HAVE_SEM_DESTROY 1
#define HAVE_CLOCK_GETTIME 1
#define SIZEOF_VOID_P 8
#define SIZEOF_SIZE_T 8
#define SIZEOF_OFF_T 8
#define SIZEOF_CHAR 1
#define SIZEOF_SHORT 2
#define SIZEOF_INT 4
#define SIZEOF_LONG 8
#define SIZEOF_FLOAT 4
#define SIZEOF_DOUBLE 8
#define SIZEOF_LONG_LONG 8
#define SIZEOF_LONG_DOUBLE 16

configure: exit 0
